1
0.840799
1.03071
0.850521
0.850521
0.527909
0.527909
0.527909
0.597912
1.25487
1.51124
1.43522
1.43522
1.43522
1.43522
2.23721
1.19508
1.19508
1.25205
1.48988
1.87245
1.3858
2.30811
2.30811
2.30811
1.96191
1.96191
2.50075
2.63834
2.51305
2.51305
1.63084
1.63084
1.37205
1.41308
1.45479
1.45479
0.666849
0.666849
0.666849
0.666849
0.666849
0.778694
0.778694
0.778694
0.778694
0.778694
0.778694
0.778694
0.778694
0.544868
0.908055
1.42337
1.42337
1.49128
2.1941
2.047
2.047
2.44899
2.44899
2.45893
2.45893
2.45893
1.88766
2.25315
2.25315
2.59569
2.59569
2.50042
2.50042
2.93338
2.93338
2.26135
2.21352
1.76292
1.76292
1.76292
1.76292
1.99207
2.08112
1.41394
0.959813
0.959813
0.959813
1.54857
1.70306
1.24619
0.943718
0.943718
0.943718
0.943718
0.672921
0.562865
0.75896
1.43076
1.43076
1.43076
1.23703
1.32419
1.72003
1.72003
2.4464
2.4837
1.80462
1.89661
2.23155
2.23155
2.07057
2.03089
2.12987
1.07324
0.905373
0.905373
0.905373
0.905373
1.24722
1.24722
1.24722
1.24722
1.0283
1.0283
1.0283
1.0283
0.70628
0.656818
0.656818
0.380315
0.380315
0.380315
0.380315
0.928758
1.19305
1.10115
1.39219
1.02574
1.79517
2.60942
2.91041
3.28462
2.74692
2.74692
2.92638
2.36116
2.36116
2.36116
2.00238
2.28878
2.28059
2.28059
2.18978
1.68972
1.39589
0.809224
0.980359
0.980359
0.980359
0.980359
0.980359
1.10868
0.884694
0.521145
0.884161
0.884161
0.884161
0.884161
0.884161
0.328768
0.328768
0.328768
1.34987
1.58909
1.58909
2.65467
2.25913
2.25913
1.77659
1.67418
1.33108
1.19085
1.19085
1.19085
1.90191
1.90191
1.29896
1.29896
1.29896
1.30344
1.33918
1.37363
1.23614
1.23614
1.93255
1.57273
1.74095
1.70002
1.70002
1.70002
1.70002
1.68352
1.363
1.363
1.04013
1.04013
0.653706
0.653706
1.08818
1.14007
1.14007
1.14007
1.19346
1.19346
2.01483
2.01483
1.72211
1.59656
1.59656
1.59656
1.96147
2.16982
2.16982
2.18157
2.18157
1.46713
0.990648
0.990648
0.334897
0.334897
0.797789
0.797789
0.797789
0.797789
0.797789
1.24138
1.01858
0.623541
1.23176
1.52826
1.60906
1.60906
1.32165
1.21748
1.21748
1.60242
1.60242
1.60242
2.53661
2.53661
2.3511
1.74544
1.46209
1.46209
1.46209
1.81431
1.70583
1.70583
1.67264
1.43699
1.83936
1.83936
1.8035
1.06276
1.06276
2.01397
2.01397
2.01397
1.86708
2.55433
2.57818
2.61678
1.75462
1.4766
1.84981
2.28918
2.28918
1.79697
1.1239
1.1239
1.1239
1.1239
1.1239
1.23506
1.23506
1.59825
0.774869
0.513511
0.513511
0.513511
0.513511
1.10498
1.25475
1.31573
1.29534
1.29534
0.942178
0.942178
0.942178
0.942178
0.942178
0.942178
0.942178
1.80168
1.01282
1.01282
1.24209
0.344899
0.344899
0.344899
0.344899
0.344899
1.32874
0.736847
0.736847
1.5018
1.5018
1.18147
1.35802
1.35802
1.35802
1.35802
1.35802
1.33426
1.33426
0.500989
0.500989
0.755076
0.755076
0.854018
0.635581
0.635581
0.635581
0.635581
0.635581
1.1827
0.898862
0.898862
0.898862
0.804578
0.766127
0.766127
0.96381
0.51565
1.17027
1.17027
1.17027
1.17027
0.862329
0.862329
0.862329
0.862329
0.862329
1.37026
1.30166
0.639504
0.639504
0.639504
0.639504
1.38077
1.38077
1.96018
1.91892
1.67173
1.67173
1.67173
2.32201
2.32201
2.32201
1.99119
1.99119
1.99119
2.37699
2.81726
3.29026
2.68577
2.27618
2.03622
2.03622
2.03622
2.03622
2.03622
2.03622
2.86692
3.19071
3.23065
2.64471
2.64471
3.21232
3.21232
3.08873
3.08873
2.3745
2.3745
2.3745
2.12019
1.63961
1.63961
1.05327
1.05327
0.786591
1.71383
1.71383
0.816053
0.816053
0.816053
0.816053
1.1683
1.1683
1.4019
1.30748
1.74275
1.20634
0.656347
0.868392
1.14756
1.36632
1.89077
2.32046
2.57748
2.12543
2.12543
2.09995
2.09995
2.09995
1.757
1.6722
1.43339
1.43339
1.56314
1.56314
1.56869
1.56869
0.888403
0.157184
0.157184
0.475563
0.475563
0.69236
0.69236
0.69236
0.780513
1.3672
2.19683
2.19683
2.19683
2.19683
1.72779
1.57144
1.57144
1.57144
1.57144
1.12383
0.576576
1.05181
1.62534
1.02354
1.08039
1.08039
1.18178
0.794009
0.794009
0.794009
0.692037
0.692037
0.692037
0.700317
0.824798
0.508115
0.508115
0.508115
0.750508
0.814174
0.693839
0.620566
0.620566
0.114864
0.114864
0.114864
0.114864
1.20861
2.17407
2.17407
2.17407
2.89767
2.28159
2.28159
2.84023
2.51205
2.29804
2.5062
2.5062
2.98765
2.84877
2.6857
3.05629
4.14522
4.05409
3.40464
3.12742
3.12742
3.10968
3.46609
2.47399
2.57155
2.4346
2.17157
1.12792
0.676664
0.676664
0.676664
0.676664
1.28881
1.47381
2.48623
2.81859
2.81859
3.31337
2.80379
2.56891
2.1546
2.1546
2.80095
2.80095
3.22183
3.22183
3.68676
3.74936
3.74936
3.74936
3.24426
3.52285
3.52285
3.83912
4.05252
4.37446
4.43677
3.75112
3.19509
3.19509
3.93255
4.19894
3.61524
3.55275
3.55275
3.55114
2.94009
2.37462
2.34948
2.34948
2.17837
2.17837
2.17837
2.17837
2.17837
2.11289
2.11289
2.14598
1.57654
1.57654
1.55262
1.55262
1.24395
1.16824
1.16824
0.748065
0.469069
0.469069
0.469069
0.469069
0.469069
0.469069
0.469069
0.469069
0.469069
0.558161
0.511785
1.24575
1.24575
1.11809
1.11809
1.11809
0.371401
0.741322
0.741322
0.40156
0.40156
0.40156
0.40156
0.40156
0.40156
0.40156
0.639241
0.639241
0.639241
0.639241
0.639241
0.639241
0.639241
0.639241
0.639241
0.639241
0.637855
0.637855
0.609818
0.609818
0.953537
0.953537
1.25881
1.25881
1.27128
1.18059
1.18059
1.90808
2.24741
1.8984
1.33547
1.78675
0.908398
0.908398
1.18743
1.18743
0.430564
0.867459
0.867459
0.867459
1.21322
1.21322
2.18963
1.63849
1.95526
1.95526
1.95526
1.66683
1.53445
1.53445
1.88226
2.2264
1.26475
1.04794
0.821015
0.821015
0.79324
0.523073
0.523073
0.523073
0.523073
0.523073
0.523073
0.523073
0.523073
0.523073
0.523073
0.924942
1.51126
1.51126
1.51126
1.51126
1.58351
1.58351
1.58351
1.58351
1.58351
1.58351
0.978339
0.978339
0.743825
0.595853
0.533029
0.513024
0.513024
0.513024
0.513024
0.513024
0.513024
0.513024
0.513024
1.26286
0.713618
0.713618
0.995007
0.995007
0.995007
0.410309
0.410309
0.410309
0.410309
0.410309
0.666603
0.666603
0.923091
0.923091
0.923091
0.923091
0.923091
0.923091
0.923091
0.923091
0.923091
0.923091
0.923091
0.916505
0.916505
1.0942
1.29025
1.78586
0.67867
0.67867
0.67867
0.447521
0.447521
0.846852
0.846852
1.40238
0.374247
0.374247
0.374247
0.875843
0.875843
0.278723
0.278723
1.02252
0.174228
0.174228
0.174228
0.174228
0.378017
0.378017
0.378017
0.378017
0.378017
0.378017
0.378017
0.378017
0.321539
0.321539
0.791512
1.39601
1.39601
1.27564
1.50733
2.0447
1.75183
1.9721
1.9721
1.9721
2.17718
1.6558
1.90115
2.4623
2.4623
2.27551
2.90462
2.53071
2.53071
2.08456
2.01918
1.46051
1.64182
0.99973
0.99973
0.99973
0.99973
0.99973
1.42561
1.50334
1.6244
1.84954
1.84954
1.45236
1.39259
2.15115
2.27029
2.15578
2.49349
1.81075
1.48908
1.81069
1.81069
1.72497
2.05672
2.05672
2.05672
2.05672
2.51102
2.51102
2.83417
2.5972
1.82781
1.82781
1.70027
1.81071
1.81071
1.81071
1.81071
1.79092
1.62316
1.22136
1.22136
1.61602
1.61602
1.37816
1.16574
1.16574
0.764866
0.764866
0.577894
0.577894
0.577894
0.577894
0.577894
0.577894
0.577894
1.29525
2.21149
1.3588
1.3588
1.3588
0.943784
0.855483
1.0042
1.0042
0.96573
0.966662
0.95097
0.95097
0.95097
1.18707
1.18707
1.83235
1.16084
1.16084
1.43657
1.66959
1.25405
1.25405
0.414486
0.735342
0.735342
0.735342
1.67957
1.67957
2.51991
1.94666
2.06784
2.06784
2.06784
2.06784
1.47838
0.772703
0.978116
1.07911
0.551597
0.551597
0.551597
1.13795
1.13795
1.90102
1.90102
2.18597
1.88762
1.88762
2.10751
1.46281
2.04187
2.58687
3.60255
3.76254
3.76254
3.76254
3.76254
3.58184
3.82452
3.85063
3.85063
3.8376
3.8376
3.31601
3.32524
3.55386
3.00176
2.08468
1.51764
1.6866
1.53645
1.53645
0.852778
0.674514
1.00005
2.49478
2.45148
3.38629
3.07066
3.12156
2.27525
2.27525
2.30134
2.3378
2.3378
1.6925
1.6925
1.07534
1.57188
1.57188
1.49143
1.49143
1.7852
1.7852
2.18144
2.18144
1.80021
2.30472
2.78343
2.78343
3.14286
3.51415
3.65238
4.06487
4.07333
3.59369
3.59369
3.59369
3.82843
3.82843
3.12532
3.12532
3.12532
2.32396
3.14965
3.89319
4.31823
4.05695
4.05695
4.18928
4.18928
3.49317
3.43157
2.93234
2.93234
3.18564
3.18564
3.97963
4.31741
3.28232
4.04211
3.63168
3.56959
3.63774
3.20754
2.63631
3.40656
2.33603
2.31834
2.51409
1.8208
1.63645
1.06222
1.06222
1.06222
1.06222
1.20804
1.09534
1.10765
1.10765
0.504037
0.548405
0.548405
0.548405
0.548405
0.548405
1.20044
1.20044
1.21599
1.21599
1.21599
1.10103
0.213808
0.213808
0.841563
1.43344
1.43344
1.36652
1.86972
1.77859
1.63043
1.64975
1.64975
1.7935
1.7935
1.24501
1.24501
1.24501
1.24501
1.24501
1.24501
2.02338
2.02338
1.59603
1.59603
1.86003
1.86003
2.31474
2.31474
