12.8858  0.0801356
5.81824  0.0817419
3.95214  0.0775495
3.72968  0.0912316
3.28987  0.0726801
3.5449  0.083487
3.26062  0.0710747
3.15746  0.0661755
3.36967  0.0780868
3.23551  0.0677921
3.34865  0.0744324
3.21647  0.0697361
3.15545  0.0659192
3.06082  0.0636458
3.54438  0.0822305
3.43099  0.080664
3.3997  0.0792713
3.21595  0.071103
3.62356  0.0895236
3.05132  0.0638349
3.00298  0.0579522
3.73995  0.0925698
3.38482  0.077645
3.49451  0.0834244
3.47623  0.0805454
3.14347  0.0676723
3.60774  0.0850371
3.41978  0.0817538
3.01216  0.0583933
2.99275  0.0569002
3.9353  0.101949
2.84907  0.0494828
3.14862  0.0687022
3.34939  0.0765421
3.36449  0.0798761
3.56958  0.0839269
3.51515  0.0861609
3.25555  0.0710114
3.73393  0.091229
3.52819  0.0863293
3.25254  0.0739543
3.09922  0.0637937
3.28747  0.0717312
3.20176  0.0703568
3.42014  0.0791991
3.2912  0.0708818
3.66472  0.0927896
3.62268  0.0836024
3.16294  0.0668696
3.37104  0.0738755
