20
19.2621
19.2261
19.2261
19.2261
18.763
17.8986
17.8963
17.4049
17.6936
18.5672
18.9066
18.9066
19.1695
19.1695
20.0138
19.1845
19.1845
19.2415
18.723
18.2015
17.6346
17.0546
16.8923
16.9115
16.9115
16.4819
17.3597
18.0318
17.5506
17.5506
17.0756
16.6258
15.6252
15.6252
15.6436
15.0162
15.4899
14.4573
13.8815
13.8815
14.1968
14.1249
14.1249
14.1249
13.0743
13.0743
13.0826
13.0826
13.0412
13.1775
13.326
12.608
11.9449
11.9845
11.443
10.8409
9.75119
8.92434
8.27477
8.27477
8.59432
8.59432
8.48426
8.35279
8.32473
8.74009
8.03397
7.86957
7.37352
6.83776
6.83776
6.87048
7.1665
7.1665
6.48398
6.55079
6.55079
6.15442
6.15442
6.15442
6.54791
6.54791
5.90376
6.60625
6.85609
6.15975
5.78629
5.44118
4.93167
4.93167
4.76886
4.71001
4.66706
5.46886
5.46886
5.35329
4.67578
5.05433
4.66613
4.57221
4.77732
4.67632
4.53064
4.97979
5.37936
5.37936
5.82445
6.05614
5.93453
4.95437
4.69962
4.79469
4.68734
4.68734
5.01048
5.01048
4.8833
4.37347
4.0514
4.28222
4.28222
4.28222
3.955
3.22184
3.31349
2.96794
2.88001
2.74159
2.98311
2.98311
3.26102
3.26102
3.26295
2.81207
3.18858
3.18858
2.62216
3.32865
2.46497
2.02925
2.05652
1.72688
1.72688
1.72688
2.12797
2.55113
2.90283
2.99139
3.01589
2.4295
1.58539
0.880429
0.320257
0.320257
0.417075
0.417075
0.417075
0.417075
0.674198
0.994555
0.994555
0.994555
0.994555
0.994555
0.994555
0.620183
0.416719
0.416719
1.60228
1.77495
1.77495
2.74617
2.3562
2.3562
1.86195
1.90179
1.71128
1.40342
1.40342
1.40342
1.8588
1.8588
1.10432
1.10432
1.10432
1.0625
1.1001
1.1001
0.742348
0.742348
1.3238
1.08303
1.08303
1.3809
1.3809
1.3809
1.3809
1.20196
0.762551
0.678575
0.325817
0.325817
0.325817
0.325817
0.325817
0.449347
0.449347
0.550812
0.550812
0.550812
1.40692
1.40692
0.927425
0.916244
0.916244
0.916244
1.29838
1.29838
1.29838
1.56254
1.56254
1.13835
1.3066
1.3066
0.933814
0.933814
0.933814
0.933814
0.991793
0.991793
0.991793
0.991793
1.00293
0.503597
1.0776
1.33562
1.65707
1.71593
1.27638
1.44736
1.44736
1.72156
1.72156
1.72156
2.54465
2.6358
2.45253
1.9321
1.74967
1.74967
1.94253
1.86475
1.50747
1.50747
1.29737
1.03339
1.73985
1.73985
1.32068
0.554232
0.554232
1.43021
1.43021
1.43021
1.50715
2.39363
2.5548
2.67741
1.63769
0.995504
1.3711
1.3711
1.3711
1.28916
0.806354
0.806354
0.806354
0.806354
0.806354
0.806354
0.806354
0.806354
0.428897
0.428897
0.428897
0.428897
0.55611
1.11493
1.54389
1.86445
1.88317
1.88317
1.38397
1.38397
1.38397
1.38397
1.38397
1.38397
1.38397
2.24267
1.52375
1.52375
1.66796
0.820808
0.829247
0.810818
0.810818
0.810818
0.617065
0.916352
0.916352
0.905391
0.905391
0.764813
1.35292
1.35292
1.35292
1.35292
1.35292
1.35292
1.35292
0.513187
0.513187
0.76244
0.76244
0.873087
0.653902
0.653902
0.653902
0.653902
0.653902
1.18353
0.908653
0.908653
0.908653
0.809433
0.773492
0.773492
0.97551
0.530051
1.18624
1.18624
1.75149
1.75149
1.21957
1.29932
1.35226
1.35226
1.35226
1.07151
0.922379
1.15466
1.15466
0.870776
0.870776
0.870776
0.870776
1.29109
1.29109
1.16033
1.07464
1.07464
1.72538
1.72538
1.72538
1.35041
2.02364
2.02364
2.1643
2.9123
2.9123
2.41381
2.14763
2.05482
2.05482
2.05482
2.05482
2.05482
2.05482
2.99747
3.42165
3.48921
2.88291
2.88291
3.40271
3.40271
3.34588
3.34588
2.63045
2.63045
2.63045
2.45323
2.08338
2.57272
2.16379
2.16379
1.81748
2.12216
2.12216
1.19766
1.40074
1.64037
1.64037
1.78781
1.78781
2.33722
2.00152
1.82294
1.89156
1.03095
1.45125
1.17937
1.17937
1.28517
1.47052
1.88385
1.56103
1.56103
1.56103
1.56103
1.56103
1.29302
1.3549
1.29925
1.29925
1.29925
1.29925
1.23313
1.23313
0.643022
0.71059
0.636921
0.798953
0.798953
0.894108
1.14461
0.886711
0.453156
1.04066
1.8895
1.8895
1.8895
1.8895
1.50584
1.30826
1.30826
1.30826
1.30826
1.10574
0.818891
1.29235
1.86901
1.25102
1.28443
1.28443
1.45614
0.917686
0.989145
0.989145
0.764044
0.764044
0.764044
0.764044
1.2719
0.87045
0.87045
0.522576
0.938174
0.701712
1.05206
0.790351
0.790351
0.634435
0.634435
0.634435
0.634435
1.18439
1.91271
2.08011
2.03055
2.79103
2.09028
2.09028
2.57823
2.34641
2.27781
2.39327
2.39327
2.90337
2.91369
2.80086
3.08286
4.11229
3.90265
3.21511
2.82542
2.82542
2.82542
3.40848
2.59139
2.77175
2.51844
2.28566
1.49055
1.35781
1.35781
1.35781
1.35781
1.59908
1.99137
3.09
3.46299
3.46299
3.93265
3.45045
3.12673
2.78904
2.78904
3.46818
3.46818
3.80544
3.80544
4.18384
4.14687
4.14687
4.14687
3.56835
3.75597
3.75597
4.18738
4.42673
4.71297
4.78543
4.07942
3.68882
3.68882
4.29611
4.41808
3.64322
3.46919
3.46919
3.54756
2.90137
2.39115
2.39115
2.39115
2.05444
2.05444
2.05444
2.05444
2.05444
1.88573
1.88573
1.91827
1.26438
1.26438
1.33794
1.33794
0.848802
0.990085
0.990085
0.883255
0.846837
0.529484
0.529484
0.820131
0.820131
0.820131
0.820131
0.820131
0.820131
1.1098
0.859305
0.753621
0.947297
0.847641
0.847641
0.847641
0.825739
0.791709
0.791709
0.254957
0.254957
0.254957
0.254957
0.254957
0.254957
0.254957
0.622675
0.622675
0.622675
0.622675
0.739721
0.739721
0.958675
0.958675
0.958675
0.958675
1.37568
1.37568
0.612549
0.612549
0.612549
0.797884
1.33218
1.33218
1.36801
0.95723
0.95723
1.44525
1.91388
1.91388
1.2176
1.78842
0.912818
0.912818
1.11497
1.11497
0.255963
0.553468
0.553468
0.553468
1.21098
1.21098
2.17806
1.77555
1.98554
1.98554
1.98554
1.63918
1.58978
1.58978
2.0045
2.27492
1.39994
1.15944
1.00654
1.31767
0.697762
0.60046
0.60046
0.60046
0.694809
0.694809
0.766289
0.766289
0.766289
0.766289
1.19053
2.01121
2.58592
2.58592
2.58592
2.58592
2.82224
2.82224
2.78432
2.78432
2.78432
2.78432
1.85667
1.75583
1.50856
0.799123
0.799123
0.290427
0.290427
0.290427
0.290427
0.290427
0.290427
0.290427
0.290427
1.20928
1.01591
1.01591
1.19049
1.19049
1.19049
0.641592
0.62492
0.62492
0.438612
0.438612
0.95732
0.95732
0.95103
0.95103
0.95103
0.95103
0.95103
0.95103
0.95103
0.949922
0.949922
0.85064
0.85064
0.85064
0.85064
0.989501
0.767443
0.954353
0.437388
0.437388
0.561959
0.442907
0.442907
1.17078
1.17078
1.2823
0.590052
0.590052
0.590052
0.91331
0.91331
0.531592
0.478792
1.12614
0.705371
1.00446
1.00446
0.682111
0.217949
0.217949
0.609584
0.609584
0.609584
0.609584
1.20511
1.20511
0.662677
0.662677
0.863229
1.47325
1.47325
1.28184
1.57874
1.76058
1.71058
1.88946
2.0195
2.0195
2.22356
1.71383
1.71383
2.26762
2.26762
2.34625
3.10727
2.67881
2.67881
2.27467
1.81194
1.6798
1.81518
0.880518
0.966463
0.966463
0.966463
0.868572
0.868572
1.10472
1.35003
1.79303
1.79303
0.89634
0.89634
1.62579
1.81592
1.63353
1.9695
1.18806
1.07375
1.48188
1.48188
1.47677
1.47677
1.47677
1.47677
1.47677
1.91299
1.91299
2.44357
2.4331
1.68486
1.68486
2.05653
1.86838
1.86838
2.5045
2.5045
2.54126
2.27007
1.85591
1.9408
2.02867
2.02867
1.84242
1.88393
1.88393
1.5577
1.437
1.53633
0.964622
0.682528
0.682528
0.682528
0.682528
0.682528
0.905722
1.69368
0.853938
0.853938
0.853938
0.589663
0.589663
0.734848
0.734848
0.808791
0.634937
0.775214
0.775214
0.775214
0.913275
0.913275
1.63921
1.13361
1.13361
1.41951
1.56215
1.17219
1.17219
0.354534
0.777507
0.777507
0.777507
1.86768
1.86768
2.66729
2.06915
2.17539
2.17539
2.17539
2.17539
1.60762
0.899782
1.28689
1.38977
0.602653
0.782018
0.782018
1.41895
1.41895
1.9478
1.9478
1.86109
2.14232
2.14232
2.14232
1.53601
1.61996
2.0931
3.20743
3.29944
3.29944
3.29944
3.29944
3.21704
3.21704
3.16852
3.16852
3.19431
3.87707
3.35444
3.2531
3.2531
2.75978
1.84409
1.19299
1.39445
1.23028
1.23028
0.674265
0.761674
1.18726
2.69103
2.70329
3.62903
3.33907
3.32726
2.40865
2.40865
2.50691
2.47586
2.47586
1.78277
1.78277
0.991556
1.65856
1.65856
1.51605
1.51605
1.54269
1.54269
1.90224
1.90224
1.62336
1.9898
2.59131
2.59131
2.97105
3.39714
3.53383
3.92013
3.94852
3.46015
3.46015
3.46015
3.65561
3.65561
2.92166
2.92166
2.92166
2.14795
2.96957
3.69854
4.16609
3.82317
3.82317
4.02306
4.02306
3.35324
3.31375
2.70961
2.70961
2.92341
2.92341
3.69133
4.0415
2.98324
2.98324
2.49839
2.44069
2.46582
2.34655
1.98475
2.73915
2.03722
2.03722
1.98846
1.5256
1.59797
0.960413
0.960413
0.960413
0.960413
0.960413
0.567671
0.567671
0.621596
0.621596
0.486007
0.546319
0.546319
0.546319
0.546319
0.846144
0.846144
1.23696
1.23696
1.23696
1.14661
0.829806
0.829806
0.714571
0.745006
0.998634
0.926004
1.10201
0.801277
0.801277
0.924183
0.924183
0.973575
0.973575
0.931141
0.931141
0.931141
0.931141
1.00371
1.00371
1.00371
1.00371
0.995065
0.995065
1.70073
1.70073
1.94679
1.94679
