14.4371  0.06508
14.4371  0.06508
15.9855  0.0675896
14.5022  0.0667328
9.29067  0.062028
9.29067  0.062028
9.56718  0.0623457
7.47474  0.0600039
7.39811  0.0599152
7.39811  0.0599152
7.89388  0.0650121
6.37704  0.0592581
6.74072  0.0529689
6.74072  0.0529689
6.38756  0.0492543
5.51265  0.0489381
6.60745  0.0522715
6.60745  0.0522715
6.25182  0.0544734
5.45031  0.0563888
6.30595  0.052941
6.30595  0.052941
5.80429  0.066422
6.36214  0.0638153
6.12569  0.04901
6.12569  0.04901
5.75858  0.0643588
6.02108  0.0537706
5.78173  0.0628726
5.78173  0.0628726
5.51629  0.0570929
6.33242  0.0650763
5.54315  0.0535515
5.54315  0.0535515
5.45752  0.0541842
5.56288  0.054692
5.98435  0.0523117
5.56288  0.054692
5.52197  0.0529277
5.54683  0.0554967
5.54683  0.0554967
6.1502  0.0571316
5.5472  0.0559037
5.61863  0.0547136
5.61863  0.0547136
6.08637  0.0556145
5.69363  0.0613797
5.59702  0.0566477
5.59702  0.0566477
5.48507  0.0547508
6.18864  0.060158
5.55288  0.0540695
5.55288  0.0540695
5.52321  0.0547634
5.87165  0.0449403
5.46085  0.0496728
5.46085  0.0496728
5.63819  0.060319
5.64429  0.0532451
6.28849  0.058849
5.64429  0.0532451
5.7425  0.061481
5.67769  0.0626814
5.7425  0.061481
6.21155  0.0605395
5.76014  0.0613938
5.69951  0.0632511
5.76014  0.0613938
6.04117  0.0544734
5.79026  0.0611274
5.57916  0.0575283
5.79026  0.0611274
6.18682  0.0545533
5.64127  0.0566233
5.5462  0.0602625
5.64127  0.0566233
5.66308  0.0574681
6.03043  0.0557694
5.56563  0.0646786
5.66308  0.0574681
5.61767  0.0558894
6.21308  0.0611079
5.61767  0.0558894
5.38232  0.053559
5.61614  0.0558904
5.97859  0.0498902
5.61614  0.0558904
5.53756  0.0593165
5.79793  0.0591474
6.05361  0.0549245
5.79793  0.0591474
5.40563  0.0530179
5.63215  0.0556059
6.18027  0.059807
5.63215  0.0556059
5.41894  0.0549823
6.08611  0.059138
5.49856  0.0594818
6.29678  0.0631035
6.47352  0.0681493
5.60682  0.0527828
5.51171  0.055887
5.57454  0.0588041
5.58551  0.051724
5.60948  0.0556675
5.41606  0.0565586
6.0091  0.0725805
5.59284  0.0545864
5.65593  0.0580814
5.28267  0.0481236
5.64506  0.0570105
5.58633  0.0611454
5.77242  0.0604684
5.52006  0.0615985
5.78962  0.0609278
5.63947  0.0612055
5.60616  0.0549509
5.63259  0.0561889
5.44638  0.057348
5.60225  0.0641681
5.70641  0.0577564
5.71819  0.0585744
5.65028  0.0620866
5.7218  0.0658833
5.62269  0.0591533
5.69961  0.0626582
5.66031  0.0606701
5.53554  0.0572159
5.46818  0.0550879
5.76921  0.0592319
5.72715  0.0572235
5.51695  0.0578421
5.34501  0.0475791
5.70589  0.0605691
5.64332  0.0563738
5.69393  0.0636911
5.55344  0.0586438
5.56009  0.052099
5.61269  0.0550529
5.48937  0.0564009
5.58965  0.0603845
5.59605  0.0534582
5.57135  0.0521828
5.72813  0.0628161
5.6773  0.0617657
5.49249  0.0532531
5.45586  0.0515957
5.3596  0.0517484
5.56497  0.0526
5.47237  0.0549168
5.56591  0.0531814
5.51361  0.0593994
5.50487  0.0490857
5.48798  0.0569127
5.57534  0.0512072
5.60889  0.0617957
5.82866  0.0617964
5.43435  0.0533469
5.81238  0.0619202
5.35209  0.0554617
5.70883  0.0587818
5.63595  0.0651593
5.68175  0.0573846
5.5524  0.0617432
5.83033  0.0658882
5.38399  0.052935
5.36767  0.0511395
5.77527  0.0631558
5.5785  0.0539262
5.54336  0.0592875
5.51617  0.0587047
5.57144  0.0537525
5.50453  0.0538771
5.48614  0.055999
5.43888  0.0520397
5.47981  0.051738
5.54237  0.0524399
5.52627  0.055256
5.63069  0.0642899
5.55  0.0553572
5.49487  0.0499385
5.57285  0.0590186
5.55624  0.0560782
5.55399  0.0563146
5.5259  0.0518677
5.27285  0.0503646
5.57731  0.0549762
5.54488  0.0571937
5.53826  0.0553594
5.53653  0.0561171
5.5616  0.0557288
5.29769  0.0470677
5.57587  0.056395
5.77329  0.0699905
5.56717  0.0556226
5.36985  0.0531995
5.74632  0.0588806
5.42036  0.0524928
5.48085  0.0557004
5.74566  0.0584932
14.4371  0.06508
14.5022  0.0667328
15.9855  0.0675896
14.4371  0.06508
7.47474  0.0600039
9.56718  0.0623457
9.29067  0.062028
9.29067  0.062028
6.37704  0.0592581
7.89388  0.0650121
7.39811  0.0599152
7.39811  0.0599152
5.51265  0.0489381
6.38756  0.0492543
6.74072  0.0529689
6.74072  0.0529689
6.25182  0.0544734
5.45031  0.0563888
6.60745  0.0522715
6.60745  0.0522715
6.36214  0.0638153
5.80429  0.066422
6.30595  0.052941
6.30595  0.052941
6.02108  0.0537706
6.12569  0.04901
5.75858  0.0643588
6.12569  0.04901
6.33242  0.0650763
5.78173  0.0628726
5.51629  0.0570929
5.78173  0.0628726
5.98435  0.0523117
5.54315  0.0535515
5.45752  0.0541842
5.54315  0.0535515
6.1502  0.0571316
5.56288  0.054692
5.52197  0.0529277
5.56288  0.054692
6.08637  0.0556145
5.54683  0.0554967
5.5472  0.0559037
5.54683  0.0554967
6.18864  0.060158
5.61863  0.0547136
5.69363  0.0613797
5.87165  0.0449403
5.61863  0.0547136
5.59702  0.0566477
5.48507  0.0547508
6.28849  0.058849
5.59702  0.0566477
5.55288  0.0540695
6.21155  0.0605395
5.52321  0.0547634
5.55288  0.0540695
5.46085  0.0496728
6.04117  0.0544734
5.46085  0.0496728
5.63819  0.060319
5.64429  0.0532451
6.18682  0.0545533
5.64429  0.0532451
5.67769  0.0626814
5.7425  0.061481
6.03043  0.0557694
5.7425  0.061481
5.69951  0.0632511
5.76014  0.0613938
6.21308  0.0611079
5.76014  0.0613938
5.57916  0.0575283
5.97859  0.0498902
5.79026  0.0611274
5.79026  0.0611274
5.5462  0.0602625
6.05361  0.0549245
5.64127  0.0566233
5.64127  0.0566233
5.56563  0.0646786
6.18027  0.059807
5.66308  0.0574681
5.66308  0.0574681
6.08611  0.059138
5.38232  0.053559
5.61767  0.0558894
6.29678  0.0631035
5.61767  0.0558894
5.53756  0.0593165
5.61614  0.0558904
6.47352  0.0681493
5.61614  0.0558904
5.40563  0.0530179
5.79793  0.0591474
5.79793  0.0591474
5.41894  0.0549823
5.63215  0.0556059
5.63215  0.0556059
5.49856  0.0594818
5.58551  0.051724
5.51171  0.055887
5.60682  0.0527828
5.57454  0.0588041
5.41606  0.0565586
5.59284  0.0545864
5.60948  0.0556675
6.0091  0.0725805
5.28267  0.0481236
5.64506  0.0570105
5.65593  0.0580814
5.58633  0.0611454
5.52006  0.0615985
5.77242  0.0604684
5.78962  0.0609278
5.63947  0.0612055
5.44638  0.057348
5.60616  0.0549509
5.63259  0.0561889
5.60225  0.0641681
5.65028  0.0620866
5.70641  0.0577564
5.71819  0.0585744
5.53554  0.0572159
5.7218  0.0658833
5.62269  0.0591533
5.66031  0.0606701
5.69961  0.0626582
5.51695  0.0578421
5.72715  0.0572235
5.69393  0.0636911
5.76921  0.0592319
5.46818  0.0550879
5.70589  0.0605691
5.48937  0.0564009
5.64332  0.0563738
5.34501  0.0475791
5.56009  0.052099
5.61269  0.0550529
5.72813  0.0628161
5.55344  0.0586438
5.59605  0.0534582
5.57135  0.0521828
5.47237  0.0549168
5.58965  0.0603845
5.49249  0.0532531
5.45586  0.0515957
5.51361  0.0593994
5.56497  0.0526
5.6773  0.0617657
5.56591  0.0531814
5.60889  0.0617957
5.50487  0.0490857
5.3596  0.0517484
5.35209  0.0554617
5.57534  0.0512072
5.82866  0.0617964
5.48798  0.0569127
5.5524  0.0617432
5.81238  0.0619202
5.70883  0.0587818
5.43435  0.0533469
5.68175  0.0573846
5.36767  0.0511395
5.83033  0.0658882
5.63595  0.0651593
5.77527  0.0631558
5.51617  0.0587047
5.5785  0.0539262
5.38399  0.052935
5.57144  0.0537525
5.43888  0.0520397
5.50453  0.0538771
5.47981  0.051738
5.54336  0.0592875
5.63069  0.0642899
5.54237  0.0524399
5.49487  0.0499385
5.48614  0.055999
5.55399  0.0563146
5.55  0.0553572
5.55624  0.0560782
5.52627  0.055256
5.54488  0.0571937
5.57731  0.0549762
5.5259  0.0518677
5.57285  0.0590186
5.29769  0.0470677
5.5616  0.0557288
5.53826  0.0553594
5.27285  0.0503646
5.36985  0.0531995
5.56717  0.0556226
5.57587  0.056395
5.53653  0.0561171
5.48085  0.0557004
5.74566  0.0584932
5.74632  0.0588806
5.77329  0.0699905
5.42036  0.0524928
14.4371  0.06508
15.9855  0.0675896
14.4371  0.06508
14.5022  0.0667328
9.29067  0.062028
9.29067  0.062028
9.56718  0.0623457
7.47474  0.0600039
7.39811  0.0599152
7.39811  0.0599152
7.89388  0.0650121
6.37704  0.0592581
6.74072  0.0529689
6.74072  0.0529689
6.38756  0.0492543
5.51265  0.0489381
14.5022  0.0667328
14.4371  0.06508
15.9855  0.0675896
14.4371  0.06508
9.56718  0.0623457
7.47474  0.0600039
9.29067  0.062028
9.29067  0.062028
7.36336  0.0578273
6.60981  0.0687333
6.27828  0.061039
7.39811  0.0599152
6.75143  0.0537704
5.57329  0.0499643
5.66527  0.0555408
6.74072  0.0529689
6.63075  0.052979
6.60745  0.0522715
5.59024  0.0546948
5.5043  0.0577486
5.56311  0.0606197
5.70046  0.0614242
6.30595  0.052941
5.94959  0.0652541
5.42129  0.0552784
5.45269  0.0535875
5.95252  0.0665729
6.12569  0.04901
5.64441  0.0633606
5.79873  0.0668021
5.62181  0.0564605
5.68525  0.0643782
5.39437  0.0518815
5.40825  0.053281
5.57046  0.0546107
5.41124  0.052176
5.5225  0.0568983
5.5522  0.0500154
5.65324  0.0627194
5.52445  0.0575586
5.41994  0.053867
5.55718  0.0564806
5.38179  0.0518532
5.55171  0.0568844
5.65631  0.059978
5.52172  0.056294
5.57037  0.0581476
5.60655  0.0600999
5.48597  0.0552239
5.47324  0.0556898
5.37274  0.0500631
5.47451  0.0562421
5.80316  0.0646969
5.56335  0.0562512
5.55364  0.0588399
5.50352  0.0563757
5.67444  0.0630272
5.6362  0.0595073
5.39923  0.054771
5.39451  0.0546469
5.59732  0.0571571
5.49938  0.0565816
5.70345  0.0636974
5.56358  0.0559298
5.67646  0.0590326
5.62559  0.0592205
5.75766  0.0662645
5.66355  0.0609878
5.67818  0.0642235
5.45094  0.0562103
5.69609  0.06467
5.60676  0.0572197
5.66538  0.0600369
5.6709  0.0605772
5.60775  0.0613677
5.65835  0.0628135
5.53835  0.0567585
5.54019  0.0608084
5.58892  0.0601131
5.6204  0.0618607
5.54274  0.0571823
5.41992  0.0535669
5.57537  0.0577249
5.63148  0.0605632
5.65436  0.0638569
5.58778  0.0588801
5.56353  0.0589521
5.51966  0.0555253
5.46344  0.0533435
5.48282  0.0571953
5.53308  0.0572765
5.51741  0.0568031
5.43751  0.0541096
5.77082  0.06576
5.7698  0.0630807
5.77483  0.0634833
5.58314  0.0583268
6.06949  0.0760943
5.53419  0.0594502
5.58631  0.058522
5.62868  0.0597251
5.53757  0.0570115
5.52984  0.0571025
5.62004  0.0597286
5.62502  0.0599054
6.00778  0.0710505
5.57038  0.0585663
5.4395  0.0562309
5.61594  0.060532
5.69264  0.0660973
5.66514  0.0645644
5.36071  0.051143
5.73323  0.0637776
5.75406  0.0638882
5.67893  0.0609907
5.56427  0.061875
5.48623  0.0554179
5.65099  0.0655658
5.56178  0.0591171
5.44852  0.0559233
5.7019  0.0643652
5.80495  0.0680172
5.67376  0.0629624
5.68672  0.0642519
5.56492  0.0585291
5.74765  0.0629658
5.5576  0.0596767
5.57752  0.0597967
5.72531  0.0622306
5.53627  0.0566569
5.7419  0.0632876
5.52232  0.0566807
5.63758  0.0638147
5.69555  0.0631069
5.59802  0.061461
5.38974  0.0499371
5.42887  0.0514528
5.47219  0.0545359
5.56487  0.0577065
5.57104  0.0586693
5.70526  0.0605362
5.6268  0.0600155
5.46955  0.054253
5.47508  0.0548559
5.5581  0.0572713
5.70891  0.0614416
5.41917  0.0560588
5.42  0.0558406
5.60655  0.0629502
5.44607  0.0522221
5.41951  0.0536421
5.43774  0.0520506
5.42416  0.0509606
5.6421  0.0616586
5.44038  0.051914
5.55018  0.0587284
5.70528  0.0599258
5.41033  0.0567433
5.54052  0.0570259
5.72819  0.0604174
5.61876  0.0606493
5.61559  0.0604893
5.54322  0.0608382
5.61455  0.0622132
5.7316  0.0664309
5.7204  0.0652669
5.33179  0.0498564
5.49057  0.057909
5.47814  0.0580729
5.56081  0.0604999
5.57122  0.0591474
5.52788  0.0601983
5.43893  0.054811
5.53785  0.0571994
5.45462  0.0530143
5.35752  0.0530245
5.46479  0.0537263
5.41037  0.0522807
5.56978  0.0564955
5.66546  0.0651922
5.58579  0.0575989
5.6667  0.0617468
5.41832  0.0548644
5.42862  0.0557624
5.26117  0.0482386
5.41917  0.0535824
5.54228  0.0570172
5.45828  0.0565759
5.35873  0.05333
5.51064  0.0551549
5.28607  0.0463723
5.32309  0.0521611
5.42951  0.0557221
5.77264  0.069315
5.38788  0.0552092
5.35163  0.0499043
5.63582  0.0612984
5.40502  0.0524425
5.61499  0.0601432
5.46529  0.0538564
15.9855  0.0675896
14.4371  0.06508
14.4371  0.06508
14.5022  0.0667328
9.26552  0.0609716
8.14838  0.0559422
9.29067  0.062028
7.97841  0.0585902
6.62984  0.0681708
6.61254  0.0598207
6.59943  0.0627475
7.44025  0.0548142
5.62403  0.0473222
5.78992  0.0572252
6.14663  0.0598173
5.70529  0.0539136
5.6891  0.0575043
5.74936  0.0600717
5.69283  0.0536368
5.58551  0.0543363
5.88874  0.0630066
5.60316  0.0571471
5.81317  0.0623785
5.59828  0.0571103
5.606  0.0550581
5.59559  0.0567221
5.87864  0.0657055
5.62601  0.0551953
5.75912  0.0616672
5.77325  0.063656
5.87093  0.0675233
5.54417  0.054002
5.49175  0.0500692
5.52276  0.0528272
5.6426  0.0586699
5.51847  0.0520582
5.61104  0.0561512
5.64622  0.0542139
5.72113  0.0608551
5.59377  0.0552217
5.54436  0.0539728
5.7349  0.0581394
5.6323  0.0552892
5.57863  0.0561906
5.81417  0.0636828
5.69518  0.058628
5.79213  0.0613218
5.67092  0.0579882
5.58281  0.0560345
5.60467  0.056154
5.52026  0.0522196
5.57686  0.055984
5.6165  0.0570421
6.03932  0.0692962
5.57378  0.0538558
5.65665  0.0592569
5.43919  0.049909
5.88625  0.0653935
5.82642  0.0631041
5.44723  0.0504153
5.61872  0.0529397
5.63312  0.0539959
5.78518  0.0623911
5.60782  0.0569615
5.86297  0.0641249
5.80076  0.0632226
5.80354  0.0590326
5.83088  0.0641217
5.66389  0.0620024
5.79297  0.0627546
5.8229  0.0614012
5.84143  0.0638067
5.82036  0.0612811
5.79158  0.0599536
5.71044  0.0604504
5.61763  0.057748
5.64088  0.0559247
5.56347  0.0517488
5.63738  0.0555869
5.62821  0.0580033
5.7174  0.0583034
5.67378  0.0587209
5.58027  0.0560317
5.73412  0.0596207
5.69883  0.0579365
5.64425  0.0561403
5.70089  0.06015
5.65098  0.0568487
5.6581  0.0586685
5.58624  0.0560991
5.69061  0.0596767
5.4993  0.0489574
5.59734  0.0575246
5.81817  0.0612231
5.93107  0.0671708
5.79091  0.0593973
5.71238  0.0593147
5.72885  0.0601136
5.60108  0.0584568
6.03154  0.0684301
5.62042  0.0545877
5.6867  0.0587539
5.73729  0.0591251
5.63418  0.0546173
5.5821  0.0582433
5.64012  0.0560992
6.06931  0.0704873
5.62549  0.0566699
5.49379  0.0522091
5.74078  0.0609517
5.75206  0.061845
5.75022  0.0623569
5.83592  0.0634845
5.74592  0.0588471
5.80418  0.0654134
5.83414  0.0631306
5.64839  0.0578351
5.72017  0.0638251
5.55961  0.0570598
5.62755  0.0565975
5.72032  0.0587217
5.95655  0.0702755
5.74038  0.0612165
5.78756  0.0627305
5.81121  0.0618761
5.89454  0.0632443
5.68086  0.0606917
5.63834  0.0583533
5.81335  0.0613711
5.65632  0.0578758
5.65887  0.0597336
5.79389  0.0608576
5.65257  0.0591618
5.65701  0.0589372
5.82543  0.0626734
5.47671  0.0488913
5.64309  0.0568066
5.63528  0.056569
5.71134  0.0611601
5.64273  0.0570899
5.66711  0.057596
5.71363  0.0597477
5.68495  0.0587233
5.85595  0.0631923
5.53171  0.0554411
5.65591  0.0574239
5.82085  0.0613889
5.47959  0.0528675
5.54157  0.0547802
5.63315  0.0569723
5.71986  0.0596572
5.66897  0.0577775
5.62868  0.0544428
5.73561  0.0610655
5.62339  0.0553074
5.76617  0.062641
5.64064  0.056838
5.81216  0.0602436
5.56474  0.0567319
5.84551  0.0631559
5.67202  0.0612542
5.62991  0.0588274
5.66997  0.0574486
5.71664  0.0582302
5.56592  0.0528947
5.80796  0.06451
5.55219  0.0543947
5.8573  0.0670473
5.67983  0.0614279
5.71222  0.0590897
5.7008  0.0594406
5.64741  0.0593668
5.56092  0.05483
5.53183  0.0515983
5.62673  0.05769
5.58975  0.0558102
5.54899  0.0538699
5.69103  0.0561995
5.78644  0.0640974
5.55952  0.0542616
5.72787  0.0581036
5.54745  0.0533977
5.58619  0.0557244
5.70398  0.0592204
5.39025  0.0487164
5.61283  0.0558092
5.56109  0.0541186
5.78372  0.0606302
5.55314  0.0563966
5.50264  0.0538581
5.68154  0.0578769
5.51776  0.0524532
5.95083  0.0704362
5.52903  0.0537173
5.53863  0.0552139
5.54509  0.0564467
5.59082  0.055423
5.68136  0.0572081
5.76636  0.060676
5.79547  0.061532
15.9855  0.0675896
14.5022  0.0667328
14.4371  0.06508
14.4371  0.06508
9.56718  0.0623457
7.47474  0.0600039
9.29067  0.062028
9.29067  0.062028
6.60981  0.0687333
6.27828  0.061039
7.36336  0.0578273
7.39811  0.0599152
5.57329  0.0499643
5.66527  0.0555408
6.75143  0.0537704
6.74072  0.0529689
5.5043  0.0577486
5.59024  0.0546948
6.63075  0.052979
6.60745  0.0522715
5.56311  0.0606197
5.94959  0.0652541
5.70046  0.0614242
6.30595  0.052941
5.95252  0.0665729
5.45269  0.0535875
6.12569  0.04901
5.42129  0.0552784
5.62181  0.0564605
5.64441  0.0633606
5.68525  0.0643782
5.79873  0.0668021
5.57046  0.0546107
5.40825  0.053281
5.39437  0.0518815
5.41124  0.052176
5.5522  0.0500154
5.5225  0.0568983
5.65324  0.0627194
5.52445  0.0575586
5.55718  0.0564806
5.55171  0.0568844
5.41994  0.053867
5.38179  0.0518532
5.52172  0.056294
5.60655  0.0600999
5.65631  0.059978
5.57037  0.0581476
5.37274  0.0500631
5.47324  0.0556898
5.47451  0.0562421
5.48597  0.0552239
5.80316  0.0646969
5.55364  0.0588399
5.56335  0.0562512
5.50352  0.0563757
5.67444  0.0630272
5.39451  0.0546469
5.6362  0.0595073
5.39923  0.054771
5.70345  0.0636974
5.59732  0.0571571
5.49938  0.0565816
5.56358  0.0559298
5.62559  0.0592205
5.75766  0.0662645
5.66355  0.0609878
5.67646  0.0590326
5.45094  0.0562103
5.60676  0.0572197
5.67818  0.0642235
5.69609  0.06467
5.65835  0.0628135
5.66538  0.0600369
5.60775  0.0613677
5.6709  0.0605772
5.53835  0.0567585
5.6204  0.0618607
5.54019  0.0608084
5.58892  0.0601131
5.57537  0.0577249
5.54274  0.0571823
5.41992  0.0535669
5.63148  0.0605632
5.51966  0.0555253
5.56353  0.0589521
5.58778  0.0588801
5.65436  0.0638569
5.53308  0.0572765
5.48282  0.0571953
5.51741  0.0568031
5.46344  0.0533435
5.77082  0.06576
5.43751  0.0541096
5.7698  0.0630807
5.77483  0.0634833
5.53419  0.0594502
6.06949  0.0760943
5.58314  0.0583268
5.58631  0.058522
5.62868  0.0597251
5.53757  0.0570115
5.62004  0.0597286
5.52984  0.0571025
6.00778  0.0710505
5.4395  0.0562309
5.62502  0.0599054
5.57038  0.0585663
5.66514  0.0645644
5.36071  0.051143
5.69264  0.0660973
5.61594  0.060532
5.56427  0.061875
5.75406  0.0638882
5.67893  0.0609907
5.73323  0.0637776
5.56178  0.0591171
5.44852  0.0559233
5.48623  0.0554179
5.65099  0.0655658
5.68672  0.0642519
5.67376  0.0629624
5.80495  0.0680172
5.7019  0.0643652
5.56492  0.0585291
5.57752  0.0597967
5.5576  0.0596767
5.74765  0.0629658
5.53627  0.0566569
5.72531  0.0622306
5.52232  0.0566807
5.7419  0.0632876
5.69555  0.0631069
5.38974  0.0499371
5.63758  0.0638147
5.59802  0.061461
5.56487  0.0577065
5.57104  0.0586693
5.47219  0.0545359
5.42887  0.0514528
5.6268  0.0600155
5.47508  0.0548559
5.70526  0.0605362
5.46955  0.054253
5.70891  0.0614416
5.5581  0.0572713
5.42  0.0558406
5.41917  0.0560588
5.60655  0.0629502
5.44607  0.0522221
5.43774  0.0520506
5.41951  0.0536421
5.6421  0.0616586
5.42416  0.0509606
5.44038  0.051914
5.55018  0.0587284
5.41033  0.0567433
5.70528  0.0599258
5.72819  0.0604174
5.54052  0.0570259
5.61876  0.0606493
5.61559  0.0604893
5.54322  0.0608382
5.61455  0.0622132
5.7204  0.0652669
5.33179  0.0498564
5.7316  0.0664309
5.49057  0.057909
5.47814  0.0580729
5.57122  0.0591474
5.52788  0.0601983
5.56081  0.0604999
5.35752  0.0530245
5.43893  0.054811
5.45462  0.0530143
5.53785  0.0571994
5.41037  0.0522807
5.46479  0.0537263
5.66546  0.0651922
5.56978  0.0564955
5.42862  0.0557624
5.58579  0.0575989
5.41832  0.0548644
5.6667  0.0617468
5.41917  0.0535824
5.54228  0.0570172
5.45828  0.0565759
5.26117  0.0482386
5.51064  0.0551549
5.35873  0.05333
5.32309  0.0521611
5.28607  0.0463723
5.77264  0.069315
5.35163  0.0499043
5.42951  0.0557221
5.38788  0.0552092
5.40502  0.0524425
5.61499  0.0601432
5.46529  0.0538564
5.63582  0.0612984
14.4371  0.06508
14.4371  0.06508
15.9855  0.0675896
14.5022  0.0667328
9.29067  0.062028
9.29067  0.062028
9.56718  0.0623457
7.47474  0.0600039
7.39811  0.0599152
7.39811  0.0599152
6.37704  0.0592581
7.89388  0.0650121
6.74072  0.0529689
6.74072  0.0529689
6.38756  0.0492543
5.51265  0.0489381
6.60745  0.0522715
6.25182  0.0544734
6.60745  0.0522715
5.45031  0.0563888
6.15223  0.0581304
5.67686  0.0609007
6.30595  0.052941
5.80949  0.0665185
5.61271  0.0493036
5.42256  0.0550243
6.12569  0.04901
5.78257  0.0652423
5.72492  0.0640397
5.79076  0.0644628
5.78173  0.0628726
5.52644  0.0570743
5.41026  0.0534611
5.452  0.051236
5.54315  0.0535515
5.46058  0.053934
5.66152  0.0627965
5.59538  0.0590316
5.56288  0.054692
5.50235  0.0521781
5.4016  0.0503361
5.53117  0.0556914
5.53506  0.0552562
5.39148  0.0515171
5.55218  0.054111
5.7243  0.0631173
5.5786  0.058615
5.60163  0.0604477
5.50334  0.0546282
5.48873  0.0558077
5.36408  0.0500184
5.49675  0.0572191
5.53304  0.0545544
5.73972  0.0613641
5.52975  0.0553622
5.53648  0.0578088
5.41345  0.051288
5.66822  0.0623385
5.6251  0.0593699
5.41467  0.0559055
5.67399  0.0622958
5.49352  0.0570992
5.57892  0.0559128
5.59953  0.0572552
5.73667  0.0653929
5.65696  0.0583714
5.62919  0.0597557
5.65832  0.060783
5.4818  0.0577661
5.6304  0.0580709
5.68405  0.0646229
5.70458  0.065243
5.63837  0.0615602
5.64748  0.0597904
5.56876  0.0595609
5.66006  0.0605836
5.49243  0.0547147
5.56829  0.0595244
5.50644  0.0589028
5.57479  0.0597132
5.63002  0.0604173
5.43645  0.0545087
5.54074  0.0564956
5.60298  0.0590436
5.62193  0.0628522
5.53783  0.0568105
5.59283  0.0603237
5.5565  0.0573499
5.43582  0.0524102
5.53573  0.0576289
5.48747  0.0573285
5.51445  0.0566058
5.79719  0.0647851
5.76014  0.0645723
5.45377  0.0549503
5.76144  0.0630291
5.52524  0.059448
5.56538  0.0580027
6.01182  0.0731584
5.54592  0.0564146
5.64764  0.0604918
5.52663  0.0564821
5.62926  0.0605625
5.56878  0.0583532
5.57226  0.0584491
5.45662  0.056747
6.02154  0.0722118
5.58911  0.0583682
5.61537  0.0613979
5.3683  0.0510597
5.62553  0.0610359
5.65173  0.0641178
5.75858  0.0647223
5.5846  0.0632228
5.69438  0.0615915
5.75265  0.0636796
5.49711  0.0554443
5.48146  0.0574145
5.69707  0.0669235
5.46738  0.0541755
5.71952  0.0640847
5.62341  0.0603007
5.69629  0.0641201
5.67353  0.0623123
5.576  0.0583302
5.58522  0.0612958
5.74692  0.0629559
5.60182  0.061894
5.58425  0.0589898
5.73132  0.0628992
5.53458  0.0568192
5.74869  0.0629853
5.7028  0.0627036
5.62637  0.0636984
5.34658  0.0465438
5.65511  0.0647717
5.54516  0.0570422
5.45065  0.0537502
5.59869  0.0603414
5.43672  0.0528863
5.56039  0.0575067
5.68584  0.0603972
5.48644  0.0550371
5.47133  0.0547222
5.4116  0.0560778
5.54255  0.0568549
5.44632  0.0576765
5.72623  0.062378
5.57199  0.0598977
5.47439  0.053342
5.43933  0.0522324
5.39474  0.0531672
5.63675  0.061653
5.44767  0.052062
5.43604  0.0521724
5.55737  0.0580748
5.41821  0.0572949
5.68565  0.0589194
5.69527  0.0587199
5.51926  0.0557409
5.5862  0.0583043
5.59758  0.0630325
5.64466  0.0629245
5.58675  0.0593714
5.3354  0.0489627
5.70065  0.0651149
5.4422  0.0551775
5.72153  0.0660705
5.53359  0.0588825
5.53731  0.058881
5.56314  0.0584707
5.56444  0.0615613
5.50799  0.0544431
5.45132  0.0554395
5.5302  0.0568939
5.43315  0.0548648
5.66496  0.0630272
5.48472  0.0545206
5.59048  0.0573416
5.47786  0.0542499
5.6491  0.0612708
5.60909  0.0569292
5.5034  0.0576268
5.48292  0.0567705
5.66901  0.0615756
5.51131  0.0575456
5.29909  0.0504851
5.52166  0.0588964
5.36085  0.0489331
5.40806  0.0543991
5.59804  0.0578108
5.38875  0.0536531
5.42523  0.0551473
5.48754  0.0569983
5.82961  0.0700384
5.48774  0.0570454
5.48969  0.0541985
5.67589  0.0607667
5.53109  0.0579021
5.65129  0.059384
14.4371  0.06508
14.5022  0.0667328
15.9855  0.0675896
14.4371  0.06508
9.29067  0.062028
9.56718  0.0623457
7.47474  0.0600039
9.29067  0.062028
7.36336  0.0578273
6.60981  0.0687333
7.39811  0.0599152
6.27828  0.061039
5.66527  0.0555408
6.74072  0.0529689
6.75143  0.0537704
5.57329  0.0499643
5.5043  0.0577486
6.60745  0.0522715
6.63075  0.052979
5.59024  0.0546948
6.30595  0.052941
5.94959  0.0652541
5.70046  0.0614242
5.56311  0.0606197
6.12569  0.04901
5.95252  0.0665729
5.42129  0.0552784
5.45269  0.0535875
5.68525  0.0643782
5.64441  0.0633606
5.62181  0.0564605
5.79873  0.0668021
5.39437  0.0518815
5.41124  0.052176
5.57046  0.0546107
5.40825  0.053281
5.5225  0.0568983
5.52445  0.0575586
5.5522  0.0500154
5.65324  0.0627194
5.55718  0.0564806
5.38179  0.0518532
5.55171  0.0568844
5.41994  0.053867
5.65631  0.059978
5.57037  0.0581476
5.60655  0.0600999
5.52172  0.056294
5.47324  0.0556898
5.47451  0.0562421
5.37274  0.0500631
5.48597  0.0552239
5.55364  0.0588399
5.50352  0.0563757
5.80316  0.0646969
5.56335  0.0562512
5.39923  0.054771
5.39451  0.0546469
5.67444  0.0630272
5.6362  0.0595073
5.56358  0.0559298
5.59732  0.0571571
5.49938  0.0565816
5.70345  0.0636974
5.67646  0.0590326
5.62559  0.0592205
5.66355  0.0609878
5.75766  0.0662645
5.67818  0.0642235
5.69609  0.06467
5.45094  0.0562103
5.60676  0.0572197
5.6709  0.0605772
5.65835  0.0628135
5.66538  0.0600369
5.60775  0.0613677
5.53835  0.0567585
5.58892  0.0601131
5.6204  0.0618607
5.54019  0.0608084
5.54274  0.0571823
5.63148  0.0605632
5.57537  0.0577249
5.41992  0.0535669
5.56353  0.0589521
5.58778  0.0588801
5.51966  0.0555253
5.65436  0.0638569
5.53308  0.0572765
5.48282  0.0571953
5.51741  0.0568031
5.46344  0.0533435
5.77082  0.06576
5.7698  0.0630807
5.77483  0.0634833
5.43751  0.0541096
6.06949  0.0760943
5.58314  0.0583268
5.58631  0.058522
5.53419  0.0594502
5.52984  0.0571025
5.62004  0.0597286
5.53757  0.0570115
5.62868  0.0597251
5.57038  0.0585663
5.62502  0.0599054
5.4395  0.0562309
6.00778  0.0710505
5.66514  0.0645644
5.69264  0.0660973
5.61594  0.060532
5.36071  0.051143
5.75406  0.0638882
5.73323  0.0637776
5.56427  0.061875
5.67893  0.0609907
5.56178  0.0591171
5.48623  0.0554179
5.44852  0.0559233
5.65099  0.0655658
5.67376  0.0629624
5.68672  0.0642519
5.80495  0.0680172
5.7019  0.0643652
5.57752  0.0597967
5.5576  0.0596767
5.56492  0.0585291
5.74765  0.0629658
5.53627  0.0566569
5.52232  0.0566807
5.7419  0.0632876
5.72531  0.0622306
5.69555  0.0631069
5.63758  0.0638147
5.38974  0.0499371
5.59802  0.061461
5.57104  0.0586693
5.56487  0.0577065
5.42887  0.0514528
5.47219  0.0545359
5.46955  0.054253
5.70526  0.0605362
5.47508  0.0548559
5.6268  0.0600155
5.41917  0.0560588
5.5581  0.0572713
5.42  0.0558406
5.70891  0.0614416
5.43774  0.0520506
5.60655  0.0629502
5.44607  0.0522221
5.41951  0.0536421
5.44038  0.051914
5.6421  0.0616586
5.42416  0.0509606
5.55018  0.0587284
5.72819  0.0604174
5.41033  0.0567433
5.70528  0.0599258
5.54052  0.0570259
5.54322  0.0608382
5.61559  0.0604893
5.61455  0.0622132
5.61876  0.0606493
5.7316  0.0664309
5.33179  0.0498564
5.7204  0.0652669
5.49057  0.057909
5.57122  0.0591474
5.56081  0.0604999
5.52788  0.0601983
5.47814  0.0580729
5.43893  0.054811
5.53785  0.0571994
5.45462  0.0530143
5.35752  0.0530245
5.46479  0.0537263
5.56978  0.0564955
5.41037  0.0522807
5.66546  0.0651922
5.41832  0.0548644
5.42862  0.0557624
5.58579  0.0575989
5.6667  0.0617468
5.41917  0.0535824
5.45828  0.0565759
5.54228  0.0570172
5.26117  0.0482386
5.35873  0.05333
5.28607  0.0463723
5.51064  0.0551549
5.32309  0.0521611
5.38788  0.0552092
5.35163  0.0499043
5.77264  0.069315
5.42951  0.0557221
5.61499  0.0601432
5.46529  0.0538564
5.40502  0.0524425
5.63582  0.0612984
