11.8556
11.8556
12.8895
11.3716
7.89933
7.89933
7.65749
5.87109
6.15998
6.15998
5.86137
5.10827
5.72545
5.72545
5.39455
4.61405
5.57734
5.57734
5.20956
4.5008
5.37159
5.37159
4.5008
5.13805
5.1393
5.1393
4.5008
5.13306
4.62542
4.5008
4.62542
5.08161
4.62542
4.62542
4.5008
4.62542
5.08161
4.62542
4.5008
4.62542
4.62542
5.08161
4.5008
4.62542
4.62542
5.08161
4.5008
4.62542
4.62542
4.5008
5.08161
4.62542
4.62542
4.5008
5.08161
4.62542
4.62542
4.5008
4.62542
5.08161
4.62542
4.62542
4.5008
4.62542
5.08161
4.62542
4.48274
4.62542
5.08161
4.62542
4.47167
4.62542
5.08161
4.62542
4.47167
4.62542
4.62542
5.08161
4.47167
4.62542
4.62542
5.08161
4.62542
4.47167
4.62542
5.08161
4.62542
4.47167
4.62542
5.08161
4.62542
4.47167
4.62542
5.08161
4.62542
4.47167
5.08161
4.47167
5.08161
5.08161
4.62542
4.47167
4.47167
4.62542
4.62542
4.47167
4.47167
4.62542
4.62542
4.47167
4.62542
4.47167
4.62542
4.47167
4.62542
4.47167
4.62542
4.62542
4.47167
4.47167
4.62542
4.62542
4.47167
4.47167
4.62542
4.47167
4.62542
4.47167
4.47167
4.62542
4.62542
4.47167
4.47167
4.62542
4.62542
4.47167
4.47167
4.62542
4.62542
4.47167
4.47167
4.62542
4.62542
4.47167
4.47167
4.62542
4.62542
4.47167
4.62542
4.47167
4.62542
4.47167
4.62542
4.47167
4.62542
4.47167
4.62542
4.47167
4.62542
4.47167
4.62542
4.47167
4.62542
4.47167
4.62542
4.47167
4.47167
4.62542
4.62542
4.47167
4.47167
4.62542
4.62542
4.47167
4.47167
4.62542
4.62542
4.47167
4.47167
4.62542
4.62542
4.47167
4.62542
4.47167
4.62542
4.47167
4.62542
4.47167
4.62542
4.47167
4.62542
4.47167
4.62542
4.47167
4.62542
4.47167
4.62542
4.47167
4.47167
4.62542
11.8556
11.3716
12.8895
11.8556
5.87109
7.65749
7.89933
7.89933
5.10827
5.86137
6.15998
6.15998
4.61405
5.39455
5.72545
5.72545
5.20956
4.5008
5.57734
5.57734
5.13805
4.5008
5.37159
5.37159
5.13306
5.1393
4.5008
5.1393
5.08161
4.62542
4.5008
4.62542
5.08161
4.62542
4.5008
4.62542
5.08161
4.62542
4.5008
4.62542
5.08161
4.62542
4.5008
4.62542
5.08161
4.62542
4.5008
5.08161
4.62542
4.62542
4.5008
5.08161
4.62542
4.62542
5.08161
4.5008
4.62542
4.62542
5.08161
4.62542
4.5008
4.62542
5.08161
4.62542
4.5008
4.62542
5.08161
4.62542
4.48274
4.62542
5.08161
4.62542
4.47167
5.08161
4.62542
4.62542
4.47167
5.08161
4.62542
4.62542
4.47167
5.08161
4.62542
4.62542
5.08161
4.47167
4.62542
5.08161
4.62542
4.47167
4.62542
5.08161
4.62542
4.47167
4.62542
4.62542
4.47167
4.62542
4.62542
4.47167
4.62542
4.47167
4.62542
4.47167
4.47167
4.62542
4.62542
4.47167
4.47167
4.62542
4.62542
4.47167
4.47167
4.62542
4.62542
4.47167
4.47167
4.62542
4.62542
4.47167
4.47167
4.62542
4.62542
4.47167
4.47167
4.62542
4.62542
4.47167
4.47167
4.62542
4.47167
4.62542
4.47167
4.62542
4.47167
4.62542
4.47167
4.62542
4.62542
4.47167
4.47167
4.62542
4.62542
4.47167
4.47167
4.62542
4.62542
4.47167
4.62542
4.47167
4.62542
4.47167
4.62542
4.47167
4.47167
4.62542
4.62542
4.47167
4.47167
4.62542
4.62542
4.47167
4.62542
4.47167
4.62542
4.47167
4.62542
4.47167
4.62542
4.47167
4.62542
4.47167
4.62542
4.62542
4.47167
4.47167
4.62542
4.62542
4.47167
4.47167
4.62542
4.62542
4.47167
4.47167
4.62542
4.62542
4.47167
4.47167
4.62542
4.62542
4.47167
4.47167
4.62542
4.62542
4.47167
4.47167
4.62542
4.62542
4.47167
4.47167
11.8556
12.8895
11.8556
11.3716
7.89933
7.89933
7.65749
5.87109
6.15998
6.15998
5.86137
5.10827
5.72545
5.72545
5.39455
4.61405
11.3716
11.8556
12.8895
11.8556
7.65749
5.87109
7.89933
7.89933
6.15998
4.99419
5.03977
6.15998
5.72545
4.70107
4.57669
5.72545
5.57734
4.65755
5.57734
4.5008
4.5008
4.5008
5.37159
4.65755
4.5008
4.5008
4.65755
5.1393
4.5008
4.5008
4.62542
4.5008
4.5008
4.5008
4.62542
4.5008
4.5008
4.62542
4.5008
4.5008
4.5008
4.5008
4.5008
4.5008
4.5008
4.5008
4.5008
4.5008
4.5008
4.5008
4.5008
4.5008
4.5008
4.5008
4.5008
4.5008
4.5008
4.5008
4.5008
4.5008
4.5008
4.5008
4.5008
4.5008
4.5008
4.5008
4.5008
4.5008
4.5008
4.5008
4.5008
4.5008
4.5008
4.5008
4.5008
4.5008
4.5008
4.5008
4.5008
4.5008
4.5008
4.5008
4.5008
4.5008
4.5008
4.5008
4.5008
4.5008
4.5008
4.5008
4.5008
4.5008
4.5008
4.5008
4.5008
4.5008
4.5008
4.5008
4.5008
4.5008
4.5008
4.5008
4.5008
4.5008
4.5008
4.5008
4.5008
4.5008
4.5008
4.5008
4.5008
4.5008
4.5008
4.5008
4.5008
4.5008
4.5008
4.5008
4.5008
4.5008
4.5008
4.5008
4.5008
4.5008
4.5008
4.5008
4.5008
4.5008
4.5008
4.5008
4.5008
4.5008
4.5008
4.5008
4.5008
4.5008
4.5008
4.5008
4.5008
4.5008
4.5008
4.5008
4.5008
4.5008
4.5008
4.5008
4.5008
4.5008
4.5008
4.5008
4.5008
4.5008
4.5008
4.5008
4.5008
4.5008
4.5008
4.5008
4.5008
4.5008
4.5008
4.5008
4.5008
4.5008
4.5008
4.5008
4.47167
4.5008
4.47167
4.5008
4.5008
4.47167
4.5008
4.5008
4.47167
4.47167
4.5008
4.47167
4.5008
4.47167
4.47167
4.5008
4.47167
4.47167
4.5008
4.47167
4.47167
4.47167
4.47167
4.47167
4.47167
4.47167
4.47167
4.47167
4.47167
4.47167
4.47167
4.47167
4.47167
4.47167
12.8895
11.8556
11.8556
11.3716
7.89933
6.62873
7.89933
6.37909
5.08968
5.25729
5.45269
6.35844
4.81097
4.65263
4.77541
4.68149
4.61401
4.68149
4.68149
4.65454
4.65454
4.61401
4.65454
4.61401
4.61401
4.65454
4.61401
4.61401
4.61401
4.61401
4.61401
4.61401
4.61401
4.61401
4.61401
4.61401
4.61401
4.61401
4.61401
4.61401
4.61401
4.61401
4.61401
4.61401
4.61401
4.61401
4.61401
4.61401
4.61401
4.61401
4.61401
4.61401
4.61401
4.61401
4.61401
4.61401
4.61401
4.61401
4.61401
4.61401
4.61401
4.61401
4.61401
4.61401
4.61401
4.61401
4.61401
4.61401
4.61401
4.61401
4.61401
4.61401
4.61401
4.61401
4.61401
4.61401
4.61401
4.61401
4.61401
4.61401
4.61401
4.61401
4.61401
4.61401
4.61401
4.61401
4.61401
4.61401
4.61401
4.61401
4.61401
4.61401
4.61401
4.61401
4.61401
4.61401
4.61401
4.61401
4.61401
4.61401
4.61401
4.61401
4.61401
4.61401
4.61401
4.61401
4.61401
4.61401
4.61401
4.61401
4.61401
4.61401
4.61401
4.61401
4.61401
4.61401
4.61401
4.61401
4.61401
4.61401
4.61401
4.61401
4.61401
4.61401
4.61401
4.61401
4.61401
4.61401
4.61401
4.61401
4.61401
4.61401
4.61401
4.61401
4.61401
4.61401
4.61401
4.61401
4.61401
4.61401
4.61401
4.61401
4.61401
4.61401
4.61401
4.61401
4.61401
4.61401
4.61401
4.61401
4.61401
4.61401
4.61401
4.61401
4.61401
4.61401
4.61401
4.61401
4.61401
4.61401
4.61401
4.61401
4.61401
4.61401
4.61401
4.61401
4.61401
4.61401
4.61401
4.61401
4.61401
4.61401
4.61401
4.61401
4.61401
4.61401
4.61401
4.61401
4.61401
4.61401
4.61401
4.61401
4.61401
4.61401
4.61401
4.61401
4.61401
4.61401
4.61401
4.61401
4.61401
4.61401
4.61401
4.61401
4.61401
4.61401
4.61401
4.61401
4.61401
4.61401
12.8895
11.3716
11.8556
11.8556
7.65749
5.87109
7.89933
7.89933
4.99419
5.03977
6.15998
6.15998
4.70107
4.57669
5.72545
5.72545
4.5008
4.65755
5.57734
5.57734
4.5008
4.65755
4.5008
5.37159
4.65755
4.5008
5.1393
4.5008
4.62542
4.5008
4.5008
4.5008
4.62542
4.5008
4.5008
4.5008
4.62542
4.5008
4.5008
4.5008
4.5008
4.5008
4.5008
4.5008
4.5008
4.5008
4.5008
4.5008
4.5008
4.5008
4.5008
4.5008
4.5008
4.5008
4.5008
4.5008
4.5008
4.5008
4.5008
4.5008
4.5008
4.5008
4.5008
4.5008
4.5008
4.5008
4.5008
4.5008
4.5008
4.5008
4.5008
4.5008
4.5008
4.5008
4.5008
4.5008
4.5008
4.5008
4.5008
4.5008
4.5008
4.5008
4.5008
4.5008
4.5008
4.5008
4.5008
4.5008
4.5008
4.5008
4.5008
4.5008
4.5008
4.5008
4.5008
4.5008
4.5008
4.5008
4.5008
4.5008
4.5008
4.5008
4.5008
4.5008
4.5008
4.5008
4.5008
4.5008
4.5008
4.5008
4.5008
4.5008
4.5008
4.5008
4.5008
4.5008
4.5008
4.5008
4.5008
4.5008
4.5008
4.5008
4.5008
4.5008
4.5008
4.5008
4.5008
4.5008
4.5008
4.5008
4.5008
4.5008
4.5008
4.5008
4.5008
4.5008
4.5008
4.5008
4.5008
4.5008
4.5008
4.5008
4.5008
4.5008
4.5008
4.5008
4.5008
4.5008
4.5008
4.5008
4.5008
4.5008
4.5008
4.5008
4.5008
4.5008
4.5008
4.5008
4.5008
4.5008
4.5008
4.5008
4.5008
4.5008
4.5008
4.47167
4.5008
4.5008
4.47167
4.5008
4.47167
4.5008
4.47167
4.5008
4.47167
4.5008
4.47167
4.5008
4.47167
4.5008
4.47167
4.47167
4.47167
4.5008
4.47167
4.47167
4.47167
4.5008
4.47167
4.47167
4.47167
4.47167
4.47167
4.47167
4.47167
4.47167
4.47167
4.47167
4.47167
4.47167
11.8556
11.8556
12.8895
11.3716
7.89933
7.89933
7.65749
5.87109
6.15998
6.15998
5.10827
5.86137
5.72545
5.72545
5.39455
4.61405
5.57734
5.20956
5.57734
4.5008
5.15313
4.5008
5.37159
4.5008
4.61233
4.5008
5.1393
4.5008
4.5008
4.58346
4.62542
4.5008
4.5008
4.54484
4.62542
4.5008
4.5008
4.54484
4.62542
4.5008
4.54484
4.5008
4.5008
4.5008
4.54484
4.5008
4.5008
4.5008
4.54484
4.5008
4.5008
4.5008
4.54484
4.5008
4.5008
4.5008
4.54484
4.5008
4.5008
4.5008
4.5008
4.5008
4.5008
4.5008
4.5008
4.5008
4.5008
4.5008
4.5008
4.5008
4.5008
4.5008
4.5008
4.5008
4.5008
4.5008
4.5008
4.5008
4.5008
4.5008
4.5008
4.5008
4.5008
4.5008
4.5008
4.5008
4.5008
4.5008
4.5008
4.5008
4.5008
4.5008
4.5008
4.5008
4.5008
4.5008
4.5008
4.5008
4.5008
4.5008
4.5008
4.5008
4.5008
4.5008
4.5008
4.5008
4.5008
4.5008
4.5008
4.5008
4.5008
4.5008
4.5008
4.5008
4.5008
4.5008
4.5008
4.5008
4.5008
4.5008
4.5008
4.5008
4.5008
4.5008
4.5008
4.5008
4.5008
4.5008
4.5008
4.5008
4.5008
4.5008
4.5008
4.5008
4.5008
4.5008
4.5008
4.5008
4.5008
4.5008
4.5008
4.5008
4.5008
4.5008
4.5008
4.5008
4.5008
4.5008
4.5008
4.5008
4.5008
4.5008
4.5008
4.5008
4.5008
4.5008
4.5008
4.5008
4.5008
4.5008
4.5008
4.5008
4.5008
4.5008
4.5008
4.5008
4.5008
4.5008
4.5008
4.5008
4.5008
4.5008
4.5008
4.5008
4.5008
4.5008
4.5008
4.5008
4.5008
4.5008
4.5008
4.5008
4.5008
4.5008
4.5008
4.5008
4.5008
4.5008
4.5008
4.5008
4.5008
4.5008
4.5008
4.5008
4.5008
4.5008
4.5008
4.5008
4.5008
4.5008
11.8556
11.3716
12.8895
11.8556
7.89933
7.65749
5.87109
7.89933
6.15998
4.99419
6.15998
5.03977
4.57669
5.72545
5.72545
4.70107
4.5008
5.57734
5.57734
4.65755
5.37159
4.65755
4.5008
4.5008
5.1393
4.65755
4.5008
4.5008
4.5008
4.5008
4.62542
4.5008
4.5008
4.5008
4.62542
4.5008
4.5008
4.5008
4.62542
4.5008
4.5008
4.5008
4.5008
4.5008
4.5008
4.5008
4.5008
4.5008
4.5008
4.5008
4.5008
4.5008
4.5008
4.5008
4.5008
4.5008
4.5008
4.5008
4.5008
4.5008
4.5008
4.5008
4.5008
4.5008
4.5008
4.5008
4.5008
4.5008
4.5008
4.5008
4.5008
4.5008
4.5008
4.5008
4.5008
4.5008
4.5008
4.5008
4.5008
4.5008
4.5008
4.5008
4.5008
4.5008
4.5008
4.5008
4.5008
4.5008
4.5008
4.5008
4.5008
4.5008
4.5008
4.5008
4.5008
4.5008
4.5008
4.5008
4.5008
4.5008
4.5008
4.5008
4.5008
4.5008
4.5008
4.5008
4.5008
4.5008
4.5008
4.5008
4.5008
4.5008
4.5008
4.5008
4.5008
4.5008
4.5008
4.5008
4.5008
4.5008
4.5008
4.5008
4.5008
4.5008
4.5008
4.5008
4.5008
4.5008
4.5008
4.5008
4.5008
4.5008
4.5008
4.5008
4.5008
4.5008
4.5008
4.5008
4.5008
4.5008
4.5008
4.5008
4.5008
4.5008
4.5008
4.5008
4.5008
4.5008
4.5008
4.5008
4.5008
4.5008
4.5008
4.5008
4.5008
4.5008
4.5008
4.5008
4.5008
4.5008
4.5008
4.5008
4.5008
4.5008
4.5008
4.47167
4.5008
4.5008
4.5008
4.5008
4.47167
4.47167
4.5008
4.5008
4.47167
4.47167
4.5008
4.5008
4.47167
4.47167
4.47167
4.47167
4.47167
4.5008
4.47167
4.47167
4.47167
4.5008
4.47167
4.47167
4.47167
4.47167
4.47167
4.47167
4.47167
4.47167
4.47167
4.47167
4.47167
4.47167
