0.7 0.4 0.239317 0.00191342
0.71 0.4 0.242289 0.00179686
0.72 0.4 0.253512 0.00166925
0.73 0.4 0.254296 0.00143729
0.74 0.4 0.264768 0.00162623
0.75 0.4 0.266958 0.00177324
0.76 0.4 0.273936 0.00202688
0.77 0.4 0.277169 0.00164971
0.78 0.4 0.2837 0.00158014
0.79 0.4 0.284371 0.00177822
0.8 0.4 0.288948 0.00150713
0.81 0.4 0.294493 0.00211052
0.82 0.4 0.294565 0.00196764
0.83 0.4 0.298636 0.00168585
0.84 0.4 0.297726 0.00190388
0.85 0.4 0.304317 0.0019811
0.86 0.4 0.305193 0.00150996
0.87 0.4 0.30611 0.00190352
0.88 0.4 0.305071 0.0016812
0.89 0.4 0.306971 0.00146798
0.7 0.42 0.0736442 0.00138563
0.71 0.42 0.0831454 0.0014021
0.72 0.42 0.0848927 0.00149116
0.73 0.42 0.093071 0.00136559
0.74 0.42 0.0997078 0.00162916
0.75 0.42 0.101534 0.00132055
0.76 0.42 0.104482 0.00151813
0.77 0.42 0.110691 0.00130443
0.78 0.42 0.117368 0.00159429
0.79 0.42 0.117739 0.0011034
0.8 0.42 0.125308 0.00165991
0.81 0.42 0.127532 0.00156469
0.82 0.42 0.131495 0.00141584
0.83 0.42 0.135866 0.00143994
0.84 0.42 0.139257 0.00131197
0.85 0.42 0.140963 0.0013538
0.86 0.42 0.147325 0.00121896
0.87 0.42 0.150545 0.00152838
0.88 0.42 0.153978 0.00148144
0.89 0.42 0.154377 0.00125876
0.7 0.44 -0.0511798 0.00122418
0.71 0.44 -0.0511868 0.00116718
0.72 0.44 -0.0465683 0.00127106
0.73 0.44 -0.0434906 0.00110638
0.74 0.44 -0.0409139 0.0011677
0.75 0.44 -0.0373503 0.00141878
0.76 0.44 -0.0343083 0.00120343
0.77 0.44 -0.0272492 0.00148716
0.78 0.44 -0.0244355 0.00109009
0.79 0.44 -0.0197029 0.00136137
0.8 0.44 -0.0159124 0.00123477
0.81 0.44 -0.00908616 0.00116935
0.82 0.44 -0.00594142 0.00119497
0.83 0.44 0.00115674 0.00137347
0.84 0.44 0.00249095 0.00129282
0.85 0.44 0.00884609 0.00119738
0.86 0.44 0.0137819 0.00132183
0.87 0.44 0.0147876 0.00117318
0.88 0.44 0.0206499 0.00119655
0.89 0.44 0.0248577 0.00108303
0.7 0.46 -0.154026 0.00116855
0.71 0.46 -0.153502 0.00110539
0.72 0.46 -0.151717 0.000981443
0.73 0.46 -0.150687 0.000855934
0.74 0.46 -0.146926 0.00107008
0.75 0.46 -0.147297 0.00100732
0.76 0.46 -0.142985 0.00106186
0.77 0.46 -0.140377 0.000809217
0.78 0.46 -0.134544 0.000973141
0.79 0.46 -0.134541 0.00110333
0.8 0.46 -0.127097 0.000955444
0.81 0.46 -0.125346 0.00113819
0.82 0.46 -0.117165 0.00107065
0.83 0.46 -0.115666 0.00102614
0.84 0.46 -0.109055 0.00114745
0.85 0.46 -0.105419 0.000934491
0.86 0.46 -0.0993765 0.000982926
0.87 0.46 -0.0967561 0.00104604
0.88 0.46 -0.0899932 0.00115575
0.89 0.46 -0.0843454 0.00117359
0.7 0.48 -0.231258 0.000740069
0.71 0.48 -0.232995 0.000932558
0.72 0.48 -0.23318 0.000864575
0.73 0.48 -0.23431 0.000988836
0.74 0.48 -0.231869 0.000837617
0.75 0.48 -0.233118 0.000686884
0.76 0.48 -0.232094 0.000875693
0.77 0.48 -0.227568 0.000806588
0.78 0.48 -0.227156 0.000931786
0.79 0.48 -0.224167 0.000687701
0.8 0.48 -0.221653 0.000904001
0.81 0.48 -0.215052 0.000837781
0.82 0.48 -0.213174 0.000684424
0.83 0.48 -0.208009 0.000775721
0.84 0.48 -0.205492 0.000919171
0.85 0.48 -0.198897 0.000855517
0.86 0.48 -0.192154 0.000932973
0.87 0.48 -0.187825 0.000874273
0.88 0.48 -0.182169 0.000765809
0.89 0.48 -0.174722 0.000964009
0.7 0.5 -0.290993 0.000793458
0.71 0.5 -0.293038 0.000711296
0.72 0.5 -0.297024 0.000711578
0.73 0.5 -0.299008 0.000666319
0.74 0.5 -0.298927 0.000754124
0.75 0.5 -0.300149 0.000780603
0.76 0.5 -0.297483 0.000677549
0.77 0.5 -0.298168 0.00072424
0.78 0.5 -0.295957 0.00064942
0.79 0.5 -0.293506 0.000582712
0.8 0.5 -0.292367 0.000722787
0.81 0.5 -0.289923 0.000755262
0.82 0.5 -0.285349 0.00071328
0.83 0.5 -0.28268 0.000733285
0.84 0.5 -0.276785 0.000850415
0.85 0.5 -0.27343 0.000723611
0.86 0.5 -0.265987 0.000795214
0.87 0.5 -0.262875 0.000684308
0.88 0.5 -0.255654 0.000679139
0.89 0.5 -0.249935 0.000630373
0.7 0.52 -0.333226 0.000583669
0.71 0.52 -0.337667 0.000643567
0.72 0.52 -0.341607 0.000548233
0.73 0.52 -0.344482 0.000558919
0.74 0.52 -0.346343 0.000551602
0.75 0.52 -0.348419 0.000689007
0.76 0.52 -0.350103 0.000591156
0.77 0.52 -0.351411 0.000538147
0.78 0.52 -0.349976 0.000567044
0.79 0.52 -0.349537 0.000594358
0.8 0.52 -0.347239 0.000527526
0.81 0.52 -0.344485 0.000656719
0.82 0.52 -0.342413 0.000578331
0.83 0.52 -0.339281 0.000522209
0.84 0.52 -0.335784 0.000534179
0.85 0.52 -0.330118 0.00067317
0.86 0.52 -0.327142 0.000675436
0.87 0.52 -0.320484 0.000470869
0.88 0.52 -0.314217 0.000597695
0.89 0.52 -0.308483 0.000640914
0.7 0.54 -0.364874 0.000514735
0.71 0.54 -0.370135 0.000493706
0.72 0.54 -0.375531 0.000478443
0.73 0.54 -0.378766 0.000509191
0.74 0.54 -0.38227 0.000571786
0.75 0.54 -0.38508 0.000489607
0.76 0.54 -0.38664 0.000495234
0.77 0.54 -0.388183 0.000445333
0.78 0.54 -0.388621 0.00046647
0.79 0.54 -0.388812 0.000502812
0.8 0.54 -0.387068 0.000431305
0.81 0.54 -0.386851 0.000378502
0.82 0.54 -0.384429 0.00046637
0.83 0.54 -0.381453 0.000491013
0.84 0.54 -0.377994 0.000542528
0.85 0.54 -0.37425 0.000416913
0.86 0.54 -0.369395 0.000448697
0.87 0.54 -0.363445 0.000536954
0.88 0.54 -0.358528 0.000524376
0.89 0.54 -0.35117 0.000454588
0.7 0.56 -0.385696 0.000443693
0.71 0.56 -0.392199 0.00051529
0.72 0.56 -0.396999 0.000375534
0.73 0.56 -0.401906 0.000468726
0.74 0.56 -0.405803 0.000420848
0.75 0.56 -0.409698 0.000415111
0.76 0.56 -0.412543 0.000397627
0.77 0.56 -0.413872 0.000319266
0.78 0.56 -0.415119 0.000378408
0.79 0.56 -0.415867 0.00033462
0.8 0.56 -0.415567 0.00041068
0.81 0.56 -0.415302 0.000332443
0.82 0.56 -0.413185 0.000367791
0.83 0.56 -0.410792 0.000316463
0.84 0.56 -0.407934 0.00033816
0.85 0.56 -0.404734 0.000383603
0.86 0.56 -0.399254 0.000427524
0.87 0.56 -0.394322 0.000434744
0.88 0.56 -0.389354 0.000366535
0.89 0.56 -0.382286 0.0004311
0.7 0.58 -0.398975 0.000393473
0.71 0.58 -0.406305 0.000367583
0.72 0.58 -0.41131 0.000354828
0.73 0.58 -0.417392 0.000385
0.74 0.58 -0.421371 0.000350929
0.75 0.58 -0.42556 0.000296045
0.76 0.58 -0.428243 0.000337073
0.77 0.58 -0.43037 0.000361799
0.78 0.58 -0.432203 0.000352866
0.79 0.58 -0.432612 0.000277973
0.8 0.58 -0.432859 0.000290807
0.81 0.58 -0.433169 0.000331623
0.82 0.58 -0.432054 0.000318883
0.83 0.58 -0.429398 0.000338303
0.84 0.58 -0.427086 0.00035702
0.85 0.58 -0.422626 0.000338151
0.86 0.58 -0.418598 0.000335497
0.87 0.58 -0.414471 0.00040647
0.88 0.58 -0.407999 0.000412698
0.89 0.58 -0.400996 0.000393416
0.7 0.6 -0.407139 0.000346117
0.71 0.6 -0.412992 0.00036389
0.72 0.6 -0.419307 0.000306605
0.73 0.6 -0.424614 0.000294583
0.74 0.6 -0.428752 0.000298945
0.75 0.6 -0.432986 0.00031984
0.76 0.6 -0.435796 0.000346839
0.77 0.6 -0.438947 0.000268765
0.78 0.6 -0.440664 0.000378906
0.79 0.6 -0.441674 0.000295933
0.8 0.6 -0.442287 0.000310326
0.81 0.6 -0.442299 0.000318794
0.82 0.6 -0.441251 0.00030455
0.83 0.6 -0.439634 0.000334034
0.84 0.6 -0.436468 0.000357919
0.85 0.6 -0.432526 0.000372124
0.86 0.6 -0.428597 0.000397067
0.87 0.6 -0.423755 0.000307863
0.88 0.6 -0.418475 0.000344428
0.89 0.6 -0.410666 0.000541413
0.7 0.62 -0.408936 0.000426142
0.71 0.62 -0.416659 0.000319608
0.72 0.62 -0.421977 0.000324328
0.73 0.62 -0.427312 0.000326922
0.74 0.62 -0.431387 0.000348732
0.75 0.62 -0.435918 0.000337864
0.76 0.62 -0.437986 0.000356581
0.77 0.62 -0.441215 0.000293308
0.78 0.62 -0.442618 0.000360827
0.79 0.62 -0.444649 0.000363392
0.8 0.62 -0.44438 0.000327335
0.81 0.62 -0.443612 0.00042731
0.82 0.62 -0.443092 0.000498509
0.83 0.62 -0.440616 0.000392538
0.84 0.62 -0.437768 0.00044198
0.85 0.62 -0.435237 0.0004637
0.86 0.62 -0.42956 0.000456733
0.87 0.62 -0.425684 0.000371107
0.88 0.62 -0.418005 0.000579829
0.89 0.62 -0.412192 0.000629973
0.7 0.64 -0.409006 0.000462653
0.71 0.64 -0.414296 0.000395671
0.72 0.64 -0.420302 0.00039793
0.73 0.64 -0.424349 0.000390789
0.74 0.64 -0.428754 0.000347173
0.75 0.64 -0.43222 0.000384329
0.76 0.64 -0.435522 0.000403937
0.77 0.64 -0.43752 0.000394845
0.78 0.64 -0.438436 0.000426334
0.79 0.64 -0.441367 0.000403365
0.8 0.64 -0.440603 0.000397503
0.81 0.64 -0.440312 0.000399783
0.82 0.64 -0.437569 0.000592569
0.83 0.64 -0.436081 0.000579587
0.84 0.64 -0.433246 0.000604623
0.85 0.64 -0.42941 0.000605156
0.86 0.64 -0.42411 0.000659235
0.87 0.64 -0.418849 0.000608323
0.88 0.64 -0.412501 0.000822343
0.89 0.64 -0.405688 0.000706756
0.7 0.66 -0.405248 0.000380283
0.71 0.66 -0.410229 0.00041965
0.72 0.66 -0.414784 0.000437873
0.73 0.66 -0.419473 0.000453339
0.74 0.66 -0.423353 0.000407043
0.75 0.66 -0.42677 0.00040964
0.76 0.66 -0.428756 0.000464389
0.77 0.66 -0.430327 0.000502908
0.78 0.66 -0.431032 0.000637904
0.79 0.66 -0.432329 0.000616736
0.8 0.66 -0.432029 0.000601407
0.81 0.66 -0.43019 0.0005613
0.82 0.66 -0.42903 0.000591687
0.83 0.66 -0.424908 0.000628128
0.84 0.66 -0.423368 0.000735686
0.85 0.66 -0.417938 0.000671459
0.86 0.66 -0.413282 0.000766295
0.87 0.66 -0.406898 0.000814345
0.88 0.66 -0.399724 0.000957847
0.89 0.66 -0.391529 0.00074857
0.7 0.68 -0.398421 0.00055881
0.71 0.68 -0.403059 0.000544229
0.72 0.68 -0.407675 0.000490677
0.73 0.68 -0.410722 0.000532813
0.74 0.68 -0.414819 0.000531645
0.75 0.68 -0.417415 0.000432227
0.76 0.68 -0.417864 0.000593457
0.77 0.68 -0.420019 0.000573296
0.78 0.68 -0.419255 0.00055771
0.79 0.68 -0.419768 0.000710575
0.8 0.68 -0.41941 0.000500568
0.81 0.68 -0.416779 0.000682282
0.82 0.68 -0.414408 0.000742799
0.83 0.68 -0.411217 0.00088145
0.84 0.68 -0.407386 0.000880989
0.85 0.68 -0.40378 0.000857767
0.86 0.68 -0.396402 0.000797498
0.87 0.68 -0.390945 0.000930098
0.88 0.68 -0.381354 0.00116223
0.89 0.68 -0.375547 0.00120295
