0.496645  0
0.487321  0.00659354
0.488519  0.00450325
0.487847  0.00342726
0.489017  0.00293478
0.488217  0.00255221
0.488479  0.00220102
0.489506  0.00215184
0.490568  0.00215903
0.488733  0.00260869
0.489735  0.00255667
0.490683  0.0025132
0.49187  0.00258531
0.49256  0.00249085
0.492691  0.00232823
0.492392  0.00220179
0.493158  0.00220138
0.493116  0.00207946
0.493933  0.00212444
0.493804  0.00202217
0.493691  0.001929
0.493791  0.00184388
0.49485  0.00204552
0.495988  0.00225487
0.496065  0.00216598
0.496402  0.00210881
0.496435  0.00203096
0.496568  0.00196277
0.496659  0.00189721
0.497132  0.00189206
0.4971  0.00183131
0.497375  0.00179459
0.497589  0.00175301
0.497193  0.00174563
0.496926  0.00171617
0.496818  0.00167187
0.496626  0.00163771
0.496501  0.00159933
0.496259  0.0015766
0.496325  0.00153859
0.496773  0.00156487
0.496595  0.00153776
0.496624  0.00150228
0.496734  0.00147212
0.49687  0.00144572
0.496946  0.00141628
0.497054  0.00139025
0.497146  0.00136436
0.497121  0.00133674
0.497354  0.00133012
0.497299  0.0013052
0.497536  0.00130157
0.497516  0.00127716
0.497758  0.0012761
0.497683  0.00125507
0.49764  0.00123338
0.497266  0.00126721
0.497201  0.00124704
0.49734  0.00123362
0.497468  0.0012197
0.49787  0.00126428
0.498013  0.00125194
0.49784  0.00124397
0.497836  0.00122454
0.498019  0.00121936
0.498259  0.00122426
0.498086  0.00121808
0.498083  0.00120017
0.49792  0.00119388
0.498138  0.00119665
0.498349  0.00119823
0.498357  0.00118161
0.49842  0.00116714
0.498479  0.00115286
0.498622  0.0011463
0.498831  0.00115011
0.499093  0.00116468
0.49916  0.00115166
0.499171  0.00113713
0.499427  0.00115139
0.499454  0.00113751
0.499458  0.00112364
0.499541  0.0011131
0.499598  0.00110132
0.4998  0.0011067
0.499748  0.00109501
0.499817  0.00108455
0.499951  0.00108045
0.499831  0.00107497
0.499853  0.00106327
0.49991  0.00105309
0.49991  0.00104164
0.499781  0.00103836
0.499922  0.00103681
0.49989  0.00102639
0.499986  0.00102023
0.500009  0.00100997
0.499936  0.00100235
0.499846  0.0009962
0.499906  0.00098801
