0.0829679  0
0.0827898  0.000125907
0.0817138  0.000882505
0.0831796  0.00143157
0.0833974  0.0011617
0.0834945  0.000972133
0.0832295  0.000868614
0.0829696  0.000797968
0.0830249  0.000711217
0.0830381  0.000640217
0.0829475  0.000588387
0.0829931  0.00054112
0.0829765  0.000499751
0.0826898  0.000540025
0.0824379  0.000559737
0.0826068  0.000549669
0.0828008  0.000550495
0.0829434  0.000538077
0.0830292  0.000516542
0.0830341  0.000490738
0.0832692  0.000520623
0.0833188  0.000499319
0.0832278  0.000485836
0.0833196  0.000474196
0.0832245  0.00046468
0.083298  0.000452581
0.0833127  0.000436059
0.0833497  0.000422049
0.0834107  0.000411891
0.083342  0.000403855
0.0833385  0.000390842
0.0833114  0.000379571
0.0832831  0.000369118
0.0832672  0.000358603
0.0832137  0.000352329
0.0831966  0.000342956
0.083193  0.000333707
0.0831509  0.000327566
0.0832188  0.000326116
0.0831601  0.000323189
0.0831933  0.000317005
0.0831789  0.000309787
0.0831612  0.000303085
0.0830388  0.000319975
0.0829934  0.000316069
0.0829949  0.000309201
0.0829105  0.00031394
0.0828625  0.000311044
0.0828649  0.000304705
0.0828882  0.000299504
0.0828076  0.000304296
0.0828106  0.000298459
0.0828635  0.000297493
0.0828741  0.000292172
0.0829205  0.000290513
0.0829306  0.000285503
0.0829482  0.000281036
0.0829343  0.000276535
0.0829625  0.000273286
0.0829448  0.000269305
0.082981  0.000267313
0.0829945  0.000263339
0.0830191  0.000260306
0.0830408  0.000257143
0.0830749  0.00025544
0.0831081  0.000253713
0.0831403  0.000251966
0.0830646  0.00025939
0.083081  0.000256154
0.0830805  0.000252495
0.0831102  0.000250676
0.0831054  0.000247241
0.0831487  0.000247612
0.0832085  0.000251378
0.0831838  0.000249237
0.0832096  0.000247288
0.0831521  0.000250656
0.0831927  0.000250705
0.0831917  0.000247534
0.0831927  0.000244441
0.0831851  0.000241543
0.0831818  0.000238619
0.0831401  0.000239352
0.0831417  0.000236508
0.0830924  0.000238815
0.0831173  0.000237335
0.0830892  0.00023626
0.0830741  0.000234059
0.0830562  0.000232113
0.0831063  0.000234873
0.0831238  0.000232942
0.0831456  0.000231436
0.0831619  0.000229517
0.083169  0.000227187
0.0832052  0.000227655
0.0831738  0.000227445
0.0831679  0.000225175
0.0832092  0.000226632
0.0832042  0.000224398
0.0832354  0.000224305
