0.597926
0.597926
1.05262
1.50941
1.29115
1.29115
1.29115
0.534872
0.736198
0.736198
0.736198
0.736198
0.736198
0.965074
1.09988
1.74018
1.87216
2.3359
2.78424
2.78424
1.9735
0.914043
1.67348
1.67348
1.75986
1.75986
1.06088
1.6274
1.22201
1.22201
1.09898
1.09898
1.09898
1.41654
1.41654
1.41654
1.0523
1.0523
1.0523
1.0523
2.34218
2.34218
1.83778
1.83778
2.40947
2.05228
2.05228
2.21324
1.97446
1.89125
1.89125
1.89125
1.89125
2.08452
1.74829
1.14431
1.14431
1.14431
1.59047
0.637841
0.637841
0.0712902
0.0712902
0.0712902
0.0712902
0.0712902
0.0712902
1.34197
1.34197
1.46321
1.46321
1.11799
1.11799
1.28453
1.54775
1.54775
1.54775
1.80958
1.82543
1.82543
3.11466
1.62218
1.52225
0.859418
0.969396
1.00547
1.00547
1.52799
1.81022
1.81022
1.81022
1.39978
1.33976
1.33976
1.69067
2.38124
1.74582
2.24978
2.24978
2.35798
2.07947
3.31194
3.4311
4.03311
4.62312
3.57583
2.99393
2.99393
2.99393
3.39355
2.90575
2.90575
1.92809
2.77017
2.11785
2.18837
1.71635
2.44896
2.15325
2.15325
3.50208
2.37655
2.37655
2.37655
1.61392
1.61392
1.8328
1.19794
1.19794
1.53677
1.23533
1.23533
0.937613
0.965569
0.965569
0.965569
0.965569
0.928563
1.24203
1.24203
1.24203
0.550417
0.863731
0.344592
0.344592
0.428735
0.428735
0.622711
0.622711
0.622711
0.622711
0.622711
0.622711
0.622711
1.50103
0.449036
0.449036
0.493416
0.493416
0.493416
0.493416
0.493416
0.493416
0.493416
0.493416
0.493416
0.493416
0.493416
0.493416
0.493416
1.04193
1.6238
1.43049
1.43049
1.43049
1.41312
1.41312
0.640412
0.640412
0.640412
0.640412
0.640412
0.640412
0.640412
0.640412
0.640412
0.670114
0.90038
0.687385
0.687385
0.687385
0.63351
0.922173
0.922173
0.798487
0.798487
0.428
0.428
0.428
0.868814
0.868814
0.868814
0.728546
0.440654
0.440654
0.440654
1.94672
2.82569
2.26521
2.26521
2.26521
1.7684
1.7684
1.7684
1.82557
1.82557
1.48618
1.03256
1.03256
1.03256
1.3613
0.749883
0.930008
0.930008
0.930008
0.58411
0.610783
0.610783
1.47596
1.65481
1.28425
1.28425
0.464065
0.985595
0.985595
1.31883
1.31883
1.31883
2.56377
2.85492
2.85492
2.85492
2.01612
1.54537
1.17156
1.17156
0.706368
0.824074
0.824074
0.387411
0.387411
0.222363
0.222363
0.222363
0.222363
0.222363
1.44516
1.44516
1.44516
1.93529
1.76776
1.86915
1.80198
1.38987
0.820969
0.820969
2.41969
3.04744
3.04744
2.92137
2.92137
2.86024
3.18673
3.06773
3.06773
1.75203
1.75203
1.70627
1.52127
1.89457
1.89457
1.89457
1.89457
1.23071
1.2723
0.433143
0.433143
0.433143
0.433143
0.812081
0.812081
0.812081
0.89135
0.650846
0.650846
0.778776
0.778776
0.778776
0.778776
1.31158
1.45859
2.46774
2.21435
2.01484
1.94709
1.94709
1.17738
1.17738
1.04665
0.283173
0.330776
0.330776
0.330776
0.330776
1.00125
0.557516
0.557516
0.432787
0.432787
0.432787
0.432787
0.66427
1.11117
1.11117
1.11117
1.34737
1.34737
1.34737
0.935968
0.938022
0.938022
1.54371
1.54371
1.54371
1.69722
1.69722
1.33827
1.0032
1.0032
1.0032
2.01963
1.80947
1.83452
1.435
1.80785
0.879582
1.07664
1.07664
1.07664
1.07664
1.49344
1.49344
1.21333
2.3386
1.25988
1.25988
2.09314
1.84222
1.84222
2.15911
2.15911
2.77911
1.99971
1.90088
1.90088
0.216267
0.216267
0.216267
1.1296
1.36314
1.36314
1.36314
2.44109
2.20238
2.09775
2.42609
2.42609
2.94274
2.78134
3.0999
3.29369
3.18098
3.18098
3.29747
2.81767
2.81767
2.81767
2.81767
2.81767
2.80884
2.75041
2.11888
2.08277
2.48794
1.77829
1.77829
1.77829
1.77829
1.25021
0.587129
0.950172
1.37706
0.957689
0.957689
0.957689
1.47435
0.486381
0.521516
0.272211
0.272211
1.8006
1.85303
1.85303
1.43595
0.690189
1.04085
1.58985
1.04716
1.04716
1.06515
1.06515
1.06515
1.08274
1.14544
1.14544
1.11678
0.745327
0.745327
0.307438
0.978911
1.24355
1.41945
0.906584
0.3226
0.3226
0.3226
0.3226
1.20833
0.801427
0.801427
1.23711
1.23711
1.23711
0.859053
0.859053
0.859053
2.34066
2.34066
1.74236
1.74236
1.74236
1.74236
1.74236
1.74236
1.77747
1.74406
2.98231
3.11869
3.28026
3.16514
2.15928
1.58566
1.58566
1.86247
1.86247
1.61263
1.44221
1.44221
1.44221
1.28227
1.28227
1.1124
0.9829
0.9829
0.783446
1.05957
1.05957
1.10316
1.10316
1.0933
0.758307
0.758307
1.12119
1.12119
1.52505
1.35122
1.27165
1.31985
0.889299
1.35943
1.67853
1.88761
1.85063
1.87221
2.40539
2.17247
2.17247
1.64667
1.91343
1.91343
0.200318
0.200318
0.200318
0.650675
0.870596
0.928669
0.928669
0.928669
1.14952
1.13352
0.472311
1.02548
1.02548
1.02548
1.02548
1.02548
1.01182
0.498414
0.787171
0.721014
0.721014
1.36963
1.36963
0.409638
0.409638
0.57231
0.57231
1.36655
1.27247
0.875381
0.852872
0.852872
0.852872
0.537198
0.537198
1.73677
1.59224
1.88074
1.88074
1.28065
1.28065
1.45971
1.45971
0.868831
0.868831
0.868831
1.90071
1.90071
1.22322
1.22322
1.22322
1.22322
1.22322
1.22322
1.22322
2.08072
1.51234
1.17417
1.82293
1.59201
1.59201
1.59201
1.67137
2.1732
2.1732
2.1732
1.88645
1.88645
2.02577
2.02577
1.29906
1.51334
1.79633
1.79633
1.98708
1.79831
1.189
1.189
0.697387
1.45726
1.45726
1.45726
2.06153
2.06153
2.06153
2.06153
3.49521
3.49521
3.59717
3.59717
3.66257
3.66257
3.63582
3.06082
2.59966
3.07527
3.07527
3.52384
3.52384
3.06809
3.06809
3.06809
2.23543
2.23543
2.01254
2.01254
1.93295
1.93295
1.93295
2.56448
2.0148
2.21251
2.21251
0.957686
0.957686
0.850186
0.850186
0.850186
0.850186
0.850186
0.850186
0.850186
0.715631
1.53832
1.51673
0.746291
0.746291
0.86238
0.566711
0.566711
0.875791
0.61073
0.141358
0.141358
0.141358
0.141358
0.869402
0.872119
0.872119
1.2742
1.40826
1.40826
1.28409
1.28409
0.907334
0.738787
0.738787
0.738787
0.738787
0.836818
0.836818
0.836818
0.836818
0.836818
0.893098
0.893098
0.646609
0.646609
1.07636
1.07636
1.07636
1.51494
0.687777
0.687777
0.687777
1.52872
1.87377
1.34833
1.3031
1.3031
1.32692
1.32692
1.32692
1.31169
1.31169
1.34902
1.90873
1.90873
1.90873
1.90873
1.78001
1.64467
1.75156
1.44575
1.6646
2.30392
1.53376
2.32581
1.95255
1.54253
1.88676
1.88676
1.88676
1.49608
1.49608
1.28942
1.27233
1.51191
1.51191
2.01165
1.13642
1.13642
1.59275
1.3672
1.3672
0.987256
0.987256
1.61362
1.12459
0.846781
0.664428
1.36281
1.36281
1.36281
2.32732
2.55402
3.39047
3.39047
3.10986
2.56909
2.56909
2.56909
2.36532
2.6225
1.72993
1.46404
2.059
1.99285
1.99285
1.99285
2.19451
1.78188
1.78188
1.78188
1.69188
1.69188
1.69188
1.21613
1.21613
0.581048
0.581048
0.516997
0.667538
1.25639
1.25639
1.49475
2.36546
2.36546
1.93321
1.90496
2.03878
2.03878
1.7073
1.7073
1.42308
1.42308
0.874059
2.08264
2.47349
3.12931
2.97293
2.82832
2.65367
3.5352
3.16447
3.16008
3.59332
3.57296
4.0373
3.8155
3.69487
3.75957
3.75957
3.04656
3.18039
3.79633
3.79633
3.79633
3.27965
3.44198
2.93221
2.93221
2.93221
2.93221
2.11474
2.11474
2.11474
1.91502
2.05271
2.38046
1.56142
1.56142
1.11179
1.11179
1.11179
1.11179
1.16185
1.79153
0.751238
0.751238
0.751238
0.868657
0.868657
0.868657
0.868657
1.29484
1.3926
1.3926
1.85382
1.85382
1.32332
1.20622
1.25429
0.973715
1.56659
1.95641
1.3683
1.06452
1.06452
1.06452
1.25914
2.0669
2.17499
2.17499
2.17499
2.17499
1.77074
1.1894
1.2198
1.2198
1.1275
1.12478
1.12478
1.05209
0.740305
0.556575
1.01398
0.870256
0.870256
0.396691
0.396691
0.396691
0.396691
0.396691
2.012
2.012
2.18963
1.44722
1.08925
1.08925
1.08925
0.693737
1.32495
1.14725
1.53545
1.53545
1.53545
1.53545
1.53545
1.62906
1.62906
2.81565
2.5588
2.5588
2.5588
2.5588
2.5588
2.55918
3.22611
3.22611
3.22611
2.44514
2.44514
2.44514
1.89933
1.89933
2.69532
2.69532
2.69532
2.69532
2.69532
3.04688
3.70813
3.70813
3.70813
3.89179
2.90567
2.90567
2.81267
2.1434
2.1434
2.1434
2.17671
2.17671
0.965082
1.68777
2.08816
2.08816
2.08816
1.81102
1.81102
1.51523
1.18813
1.18813
2.70675
1.95497
1.97029
1.01401
0.790261
0.790261
0.790261
0.790261
0.790261
1.44708
1.0828
1.41329
1.2856
0.998001
1.36247
1.53027
1.53027
1.53027
1.36333
0.589706
0.589706
0.589706
0.589706
0.589706
0.532929
0.877144
0.877144
1.30188
1.30389
1.30813
1.30813
1.30813
1.30813
1.25227
1.10705
1.34565
1.91442
1.91442
1.91442
1.51198
1.07825
0.383993
0.560274
0.560274
0.535636
1.18595
1.48123
1.38441
1.18908
1.15823
0.744374
1.27785
1.27785
1.27785
1.44744
1.0616
0.975353
0.975353
0.756889
0.756889
0.13726
1.59168
0.436765
0.436765
0.436765
0.553314
0.553314
0.593398
0.593398
0.593398
1.19599
1.73827
1.29648
1.29648
1.29648
0.728441
1.4776
1.4776
1.4776
1.4776
1.4776
1.57115
1.57115
0.663171
1.01129
0.929955
0.929955
0.929955
1.20922
1.21469
0.432552
0.65957
0.65957
0.324135
0.324135
0.324135
