0.795 0.605 -0.443523 0.00027241
0.805 0.605 -0.443338 0.000352496
0.815 0.605 -0.442149 0.000300086
0.795 0.606 -0.443788 0.00027265
0.805 0.606 -0.444232 0.000309501
0.815 0.606 -0.442862 0.000322597
0.795 0.607 -0.443251 0.000336157
0.805 0.607 -0.44388 0.000249895
0.815 0.607 -0.442662 0.000340257
0.795 0.608 -0.443896 0.000339767
0.805 0.608 -0.444442 0.000334606
0.815 0.608 -0.442754 0.000322821
0.795 0.609 -0.444207 0.000338813
0.805 0.609 -0.4442 0.000373272
0.815 0.609 -0.442373 0.000305792
0.795 0.61 -0.443877 0.000331224
0.805 0.61 -0.444014 0.000409417
0.815 0.61 -0.443932 0.000370796
0.795 0.611 -0.443999 0.000311223
0.805 0.611 -0.443983 0.000374586
0.815 0.611 -0.443188 0.000371275
0.795 0.612 -0.444644 0.000370722
0.805 0.612 -0.444183 0.000310828
0.815 0.612 -0.443264 0.000399006
0.795 0.613 -0.444783 0.000315231
0.805 0.613 -0.444363 0.000316091
0.815 0.613 -0.444173 0.000337079
0.795 0.614 -0.444197 0.000316408
0.805 0.614 -0.444641 0.000363767
0.815 0.614 -0.443135 0.000371325
0.795 0.615 -0.444389 0.000362548
0.805 0.615 -0.444885 0.000355391
0.815 0.615 -0.443724 0.000328664
0.802 0.617 -0.444548 0.000351721
0.802 0.617 -0.444548 0.000351721
0.802 0.617 -0.444548 0.000351721
0.802 0.617 -0.444548 0.000351721
0.802 0.617 -0.444548 0.000351721
