1.48985
1.48586
1.48971
1.49006
1.49319
1.49246
1.49806
1.49818
1.49959
1.50009
1.50065
1.49957
1.4978
1.49686
1.49681
1.49824
1.49896
1.49973
1.50006
1.50114
1.50182
1.50284
1.50268
1.5008
1.50138
1.50179
1.50186
1.50167
1.50015
1.50073
1.50058
1.50085
1.50137
1.50051
1.50171
1.50259
1.5026
1.50299
1.5034
1.50366
1.50395
1.50393
1.50376
1.50341
1.50363
1.50319
1.50296
1.50326
1.50299
1.50286
1.5029
1.50329
1.50329
1.50316
1.50314
1.50312
1.50283
1.50295
1.50322
1.50303
1.50276
1.50199
1.50186
1.50225
1.50222
1.50232
1.50182
1.50211
1.50208
1.50245
1.50305
1.50318
1.50307
1.503
1.50259
1.50265
1.50249
1.50185
1.50254
1.50279
1.50261
1.50311
1.50297
1.50318
1.50323
1.50351
1.50351
1.50343
1.50354
1.5036
1.50343
1.50337
1.503
1.50288
1.50282
1.50257
1.50255
1.50276
1.50271
1.50273
1.50252
1.50263
1.50244
1.50193
1.50183
1.50212
1.50218
1.50222
1.50214
1.50247
1.50232
1.50181
1.50179
1.50154
1.5016
1.50162
1.50145
1.50133
1.50134
1.50157
1.50173
1.50184
1.50186
1.5018
1.50207
1.50205
1.50186
1.50175
1.50145
1.50158
1.50168
1.50179
1.50158
1.50166
1.50144
1.5014
1.50156
1.50155
1.50145
1.5013
1.50127
1.50139
1.50145
1.50151
1.50141
1.50156
1.5019
1.50184
1.50174
1.50191
1.50163
1.50159
1.5016
1.50163
1.50148
1.50144
1.50153
1.50161
1.50139
1.50153
1.50176
1.50196
1.50194
1.50195
1.50224
1.50217
1.50213
1.50218
1.50227
1.50237
1.50242
1.50238
1.50234
1.50229
1.50233
1.50218
1.50212
1.50221
1.50237
1.50245
1.50238
1.50221
1.50204
1.50212
1.50211
1.50207
1.50191
1.50169
1.50163
1.50155
1.50148
1.5014
1.50162
1.50161
1.5016
1.50151
1.50144
1.50146
1.50148
1.50157
1.50167
1.50168
1.50168
1.50166
1.50163
1.50161
1.50163
1.50171
1.50157
1.50169
1.50145
1.50141
1.50127
1.50145
1.50132
1.50138
1.50137
1.50137
1.50139
1.50142
1.50133
1.50139
1.50147
1.50128
1.50127
1.50136
1.50142
1.50118
1.50114
1.50129
1.50126
1.50121
1.50121
1.5011
1.50115
1.50116
1.50112
1.50113
1.50122
1.50138
1.50149
1.50142
1.50138
1.50147
1.50149
1.50136
1.50147
1.50145
1.50134
1.50129
