0
0.00281625
0.00365831
0.00276055
0.00356659
0.00304628
0.00580689
0.00508212
0.00471099
0.00426562
0.00391551
0.00373592
0.00384547
0.003685
0.00343958
0.00350735
0.00337444
0.00327362
0.00311839
0.00314252
0.0030659
0.00309243
0.00296237
0.00338096
0.00329355
0.00319245
0.00307513
0.00297135
0.00323589
0.00318017
0.00308106
0.00299685
0.00295042
0.00298655
0.00313309
0.00316594
0.00308042
0.00302323
0.00297347
0.00291038
0.00285391
0.00278604
0.00272623
0.00268654
0.00263562
0.00261496
0.0025688
0.00253278
0.00249617
0.00244953
0.00240188
0.00238714
0.0023421
0.00230261
0.0022608
0.00222049
0.0022006
0.00216562
0.002146
0.00211893
0.00210036
0.00220538
0.00217414
0.00217571
0.00214255
0.00211279
0.00214133
0.00212952
0.00209881
0.0021005
0.0021558
0.00213002
0.00210374
0.00207656
0.0020888
0.0020621
0.00204175
0.00211293
0.00219768
0.00218366
0.00216347
0.00219238
0.00217044
0.00215474
0.00213013
0.00212346
0.00209905
0.00207682
0.00205646
0.00203456
0.00201947
0.00199829
0.0020109
0.00199325
0.00197313
0.00196892
0.00194869
0.00194061
0.00192168
0.00190251
0.00189516
0.00187999
0.00187124
0.00192049
0.00190491
0.00190902
0.00189199
0.00187499
0.00185965
0.00187224
0.00186166
0.00191315
0.00189638
0.0018952
0.0018795
0.00186347
0.00185524
0.00184347
0.00182801
0.00182724
0.00181847
0.00180707
0.00179249
0.00177903
0.00178602
0.00177196
0.00176904
0.00175867
0.00176991
0.00176105
0.0017507
0.00174086
0.00174097
0.00172981
0.00173113
0.00171882
0.00171374
0.00170135
0.00169225
0.00168609
0.00167446
0.001667
0.0016563
0.00164605
0.00163787
0.00163391
0.00165778
0.00164788
0.00163978
0.00163782
0.00165063
0.00164045
0.00162982
0.00161944
0.00161588
0.00160598
0.0015984
0.00159005
0.00159492
0.001591
0.00159767
0.00160045
0.00159077
0.00158109
0.00159806
0.00159007
0.00158095
0.00157223
0.00156583
0.00155946
0.00155116
0.0015426
0.00153425
0.00152617
0.00151787
0.00151604
0.00150893
0.00150334
0.00150309
0.00149715
0.0014905
0.00149184
0.00149314
0.00148704
0.00147902
0.00147166
0.00147278
0.0014815
0.0014747
0.00146923
0.00146307
0.00145755
0.00146521
0.00145766
0.00145025
0.00144571
0.00144011
0.00143304
0.00142594
0.00142187
0.00141814
0.00141115
0.0014042
0.00139743
0.00139102
0.00138443
0.00137792
0.00137362
0.00137406
0.00137293
0.00138734
0.00138136
0.00138212
0.00138738
0.00138746
0.00138276
0.00137643
0.00137012
0.00136401
0.00135804
0.00135426
0.0013492
0.00134578
0.00135358
0.0013476
0.00134488
0.00134012
0.00135446
0.00134912
0.00135067
0.00134506
0.00134008
0.00133433
0.0013331
0.0013282
0.00132263
0.00131758
0.00131205
0.00131015
0.00131446
0.00131296
0.00130903
0.00130455
0.00130251
0.00129735
0.00129835
0.00129777
0.00129279
0.00129193
0.00128782
