0  0  0  0
8.69629  6.14921  3.04434  2.15267
11.358  4.63991  4.03919  1.64905
12.6664  3.65977  4.52534  1.30649
13.5008  3.02144  4.93092  1.10635
13.8223  2.53491  5.12709  0.93919
14.1466  2.19343  5.25023  0.813053
14.5269  1.95194  5.34687  0.717141
14.8938  1.76921  5.43513  0.642868
15.0307  1.59757  5.48069  0.580193
15.1526  1.45699  5.57271  0.534696
15.1964  1.33623  5.65907  0.497063
15.3242  1.23954  5.61636  0.460659
15.4396  1.15636  5.59932  0.42807
15.5128  1.08158  5.60172  0.399538
15.5105  1.01399  5.65826  0.378547
15.5771  0.956524  5.68241  0.357049
15.5379  0.90419  5.73955  0.341754
15.653  0.8639  5.75945  0.324346
15.6908  0.821529  5.7818  0.308898
15.7063  0.782555  5.77996  0.294194
15.7445  0.747919  5.79142  0.281044
15.8037  0.717737  5.79199  0.268826
15.8004  0.687839  5.81675  0.258762
15.8217  0.660657  5.8398  0.249437
15.8497  0.635838  5.84065  0.239844
15.8933  0.613786  5.84827  0.231082
15.9412  0.593729  5.85126  0.222849
15.9882  0.575109  5.8463  0.215219
16.0146  0.556544  5.8528  0.208144
16.0282  0.538759  5.8586  0.20151
16.048  0.522285  5.87477  0.195861
16.0961  0.508666  5.8818  0.190052
16.0906  0.493735  5.88465  0.184483
16.1151  0.480235  5.8835  0.179216
16.1242  0.466981  5.87499  0.17444
16.1063  0.454704  5.89503  0.170872
16.1247  0.44311  5.8991  0.166424
16.1514  0.432551  5.89666  0.162175
16.1673  0.422032  5.89404  0.158142
16.1752  0.411812  5.89701  0.154312
16.1588  0.402332  5.8979  0.150641
16.1763  0.393356  5.8949  0.147167
16.206  0.385532  5.89906  0.143882
16.2371  0.378221  5.89725  0.140696
16.2293  0.370081  5.90611  0.137916
16.2162  0.362436  5.92382  0.136114
16.2228  0.354945  5.93476  0.133717
16.2183  0.347731  5.93123  0.131035
16.1944  0.341593  5.92786  0.128457
16.2065  0.33511  5.93172  0.125996
16.2175  0.328845  5.92555  0.123724
16.2235  0.322695  5.92829  0.12142
16.2276  0.316746  5.92927  0.119176
16.2252  0.310996  5.93547  0.11717
16.2478  0.306263  5.93972  0.115155
16.2304  0.301386  5.94824  0.113449
16.2417  0.2964  5.95311  0.111598
16.2402  0.29138  5.94949  0.109765
16.2628  0.287397  5.9439  0.108077
16.2488  0.283026  5.94574  0.106321
16.241  0.278566  5.95224  0.104805
16.2479  0.274228  5.94785  0.103234
16.251  0.269962  5.94658  0.101629
16.2702  0.266488  5.9439  0.100101
16.2907  0.26324  5.94231  0.0985965
16.2882  0.259323  5.94759  0.097266
16.3003  0.255791  5.94703  0.0958372
16.3012  0.252086  5.94884  0.0944653
16.3069  0.248548  5.9449  0.0931976
16.3049  0.245056  5.94362  0.0918937
16.3192  0.242071  5.94389  0.0906178
16.3492  0.240608  5.94092  0.089425
16.365  0.237872  5.94091  0.0882166
16.3711  0.23478  5.93808  0.0870857
16.3748  0.23172  5.93655  0.0859532
16.3743  0.228712  5.92872  0.0851926
16.3756  0.225784  5.92999  0.0841097
16.3837  0.22307  5.92369  0.0832807
16.3836  0.220282  5.92685  0.0822998
16.3906  0.217673  5.93088  0.0813822
16.3964  0.215096  5.93408  0.0804528
16.3903  0.21259  5.9373  0.0795479
16.3909  0.21006  5.93892  0.0786173
16.3894  0.207594  5.94391  0.0778511
16.3846  0.205237  5.94646  0.0769874
16.3801  0.202926  5.94623  0.0761029
16.3722  0.200775  5.95024  0.0753436
16.3712  0.198522  5.94517  0.0746669
16.3744  0.196341  5.94611  0.0738432
16.3746  0.194184  5.94854  0.0730717
16.3698  0.192131  5.95708  0.0727751
16.3704  0.190066  5.95946  0.0720314
16.3731  0.188064  5.95941  0.0712651
16.3765  0.186115  5.95838  0.0705224
16.383  0.184289  5.952  0.0700756
16.3947  0.182765  5.95091  0.0693616
16.4118  0.181698  5.95178  0.0686593
16.413  0.179867  5.95189  0.0679658
16.4111  0.178078  5.95369  0.06731
