0  0  0  0
8.51898  6.02383  2.99145  2.11527
11.1146  4.54079  3.96314  1.61805
12.2348  3.54108  4.50469  1.30101
13.1841  2.95737  4.74193  1.06222
13.8791  2.54483  4.95496  0.906291
14.3461  2.22372  5.03751  0.780572
14.6052  1.9608  5.16178  0.692821
14.844  1.75741  5.22881  0.619076
14.928  1.58368  5.32307  0.564297
15.0282  1.44287  5.37665  0.515535
15.1289  1.32614  5.43848  0.476267
15.2286  1.22787  5.50714  0.444554
15.2572  1.1405  5.54577  0.414475
15.3555  1.0687  5.55191  0.386888
15.5002  1.01166  5.56924  0.363096
15.6918  0.970113  5.57014  0.341738
15.7525  0.918115  5.60515  0.324541
15.7446  0.869827  5.63521  0.308849
15.76  0.826472  5.66119  0.294497
15.8449  0.791461  5.66118  0.280474
15.8757  0.756088  5.69838  0.270181
15.9248  0.724802  5.69798  0.258434
15.9195  0.694621  5.7149  0.24822
15.9865  0.670063  5.7028  0.238586
15.9675  0.644562  5.72393  0.230344
15.9477  0.620991  5.74616  0.222883
16.0123  0.602165  5.74683  0.214924
16.0726  0.584409  5.74341  0.20754
16.0566  0.565148  5.76959  0.202266
16.0651  0.546981  5.76837  0.195745
16.1002  0.531016  5.77347  0.189694
16.1362  0.516141  5.77628  0.183966
16.1496  0.501135  5.79258  0.179276
16.1377  0.486958  5.79073  0.174163
16.1393  0.473434  5.80032  0.169589
16.1383  0.46064  5.8019  0.165013
16.1408  0.448524  5.81178  0.160966
16.1541  0.43722  5.82412  0.157311
16.1233  0.427372  5.84599  0.154892
16.161  0.418606  5.83564  0.151459
16.1373  0.409307  5.84985  0.148518
16.1462  0.399884  5.84923  0.145065
16.1406  0.390834  5.85436  0.141859
16.1288  0.382328  5.86773  0.139335
16.155  0.374914  5.87205  0.136373
16.1605  0.366977  5.87449  0.133494
16.1612  0.359332  5.88118  0.13088
16.1791  0.352443  5.87867  0.128233
16.2077  0.346556  5.8767  0.125683
16.2171  0.339887  5.88034  0.123271
16.2233  0.333407  5.87962  0.120903
16.2124  0.327292  5.87957  0.118622
16.1937  0.321769  5.88184  0.116447
16.2066  0.316179  5.88692  0.11444
16.2183  0.31075  5.88594  0.112401
16.2272  0.305424  5.89236  0.110612
16.2283  0.300161  5.89332  0.108709
16.2317  0.295092  5.89626  0.106906
16.2181  0.290487  5.90548  0.105521
16.2242  0.28579  5.90327  0.103814
16.2238  0.28118  5.90076  0.10217
16.2205  0.276736  5.91027  0.100991
16.2386  0.273003  5.90166  0.0997786
16.2365  0.268811  5.90958  0.098557
16.2457  0.264897  5.90784  0.0970791
16.245  0.260945  5.91289  0.0957616
16.2411  0.257136  5.91663  0.0944263
16.2458  0.253451  5.91751  0.0930619
16.2518  0.249902  5.91477  0.0917729
16.2585  0.246473  5.90887  0.0906697
16.2627  0.243085  5.90782  0.0894165
16.2845  0.240733  5.91346  0.0883698
16.2903  0.23755  5.91675  0.0872368
16.2831  0.234492  5.92655  0.0866224
16.2959  0.231754  5.92503  0.0854959
16.3237  0.230405  5.92605  0.0843917
16.3262  0.227465  5.92911  0.0833652
16.3264  0.224586  5.93404  0.0824552
16.3143  0.222102  5.93968  0.0816173
16.3181  0.219391  5.94748  0.0809815
16.3175  0.216716  5.94892  0.0800068
16.3185  0.214107  5.94453  0.0791632
16.3243  0.211638  5.94473  0.078221
16.3233  0.209151  5.9454  0.0773037
16.3264  0.206743  5.94072  0.0765468
16.3374  0.204657  5.93687  0.0757633
16.3396  0.202344  5.93529  0.074919
16.3449  0.20014  5.9426  0.0744329
16.3437  0.197921  5.94454  0.0736313
16.3358  0.195902  5.95281  0.0732854
16.323  0.194191  5.96044  0.0728848
16.3249  0.192113  5.95519  0.0722902
16.3198  0.190135  5.95591  0.0715248
16.3366  0.188874  5.95405  0.070796
16.3397  0.186932  5.95436  0.0700593
16.331  0.185211  5.95993  0.0695579
16.3353  0.183371  5.95536  0.0689983
16.3228  0.181945  5.95564  0.0683019
16.3316  0.180339  5.95377  0.0676446
