16.6459  0.0906252
10.0584  0.0501125
8.45769  0.0566629
7.19354  0.0620282
6.17371  0.0546767
5.63555  0.0512284
5.4339  0.0524813
5.66084  0.0626005
5.62524  0.0593411
5.50067  0.0546326
5.69795  0.0641564
5.45149  0.054813
5.61879  0.062291
5.55511  0.0583199
5.63057  0.0627199
5.4602  0.0557608
5.4525  0.0567643
5.50612  0.0589245
5.6013  0.061965
5.55346  0.0601471
5.36587  0.0528014
5.45767  0.055049
5.50976  0.0593821
5.36542  0.0540987
5.53162  0.0576385
5.39673  0.0524474
5.55612  0.059458
5.53189  0.060283
5.3788  0.0541159
5.25935  0.0454924
5.47441  0.053732
5.37925  0.0507109
5.44973  0.0549637
5.82533  0.0675414
5.65901  0.0620218
5.63397  0.0654609
5.55545  0.0578346
5.61408  0.0604852
5.59639  0.0606384
5.3723  0.0532182
5.56543  0.0559513
5.40849  0.0528531
5.68577  0.0649756
5.74625  0.0675129
5.26882  0.0484769
5.58333  0.0588013
5.74922  0.0658537
5.5299  0.0578325
5.42192  0.0526938
5.60424  0.0604164
