5.06076
5.05315
5.0569
5.01795
5.0146
5.01805
5.0195
5.0269
5.02727
5.02775
5.02568
5.02255
5.02112
5.01488
5.01753
5.01606
5.00745
5.00288
4.99662
5.00145
5.00096
4.99751
4.99938
4.99693
4.99749
5.00194
5.00154
5.00255
5.00188
5.00166
5.00173
5.00191
5.00135
5.00196
5.00434
5.00456
5.00196
5.00219
5.00047
4.9999
4.99959
5.00099
5.00247
5.00297
5.00354
5.0041
5.00373
5.00202
4.99975
4.9989
4.99926
4.99879
4.99946
4.99967
4.99851
4.99828
4.99845
4.99757
4.99876
4.99869
4.9981
4.99933
4.99756
4.99675
4.99685
4.99633
4.99569
4.99651
4.99628
4.99696
4.99744
4.99763
4.99702
4.99608
4.99662
4.99685
4.99629
4.99712
4.9974
4.99686
4.9964
4.9977
4.99887
4.99897
4.99929
4.99924
4.99902
4.99855
4.99807
4.99789
4.99704
4.99822
4.99786
4.99774
4.9983
4.99849
4.99834
4.99768
4.99723
4.99734
4.99744
4.99769
4.99723
4.99703
4.997
4.99703
4.99793
4.99812
4.9978
4.99805
4.99794
4.99702
4.9975
4.99795
4.99783
4.99803
4.99733
4.99708
4.99711
4.99757
4.99766
4.99796
4.99776
4.99829
4.99795
4.99828
4.9977
4.99765
4.99771
4.99763
4.9968
4.99699
4.99671
4.99662
4.99726
4.99751
4.99732
4.99743
4.99732
4.99748
4.99722
4.99708
4.99687
4.99771
4.99688
4.99661
4.99674
4.99686
4.99689
4.99643
4.99632
4.99606
4.99607
4.99608
4.99608
4.99616
4.99583
4.99603
4.99617
4.99659
4.99676
4.99698
4.99693
4.9969
4.99677
4.99665
4.99702
4.99663
4.99658
4.99651
4.99651
4.99659
4.99665
4.99606
4.99616
4.99619
4.99582
4.99616
4.9961
4.99611
4.99644
4.99592
4.99616
4.99651
4.99641
4.99633
4.99645
4.99673
4.99614
4.99642
4.99641
4.99676
4.99688
4.99681
4.99697
4.99693
4.99685
4.99699
4.99709
4.99731
4.99801
4.99805
4.99791
4.99821
4.99823
4.99867
4.99896
4.99906
4.99896
4.99891
4.99912
4.99923
4.99944
4.99949
4.99959
4.99929
4.9992
4.99948
4.99945
4.99959
4.99946
4.99966
4.99947
4.99927
4.99904
4.99915
4.999
4.99851
4.99906
4.99884
4.99865
4.99881
4.99859
4.99885
4.99884
4.99906
4.99906
4.99912
4.99883
4.99868
4.99867
4.99904
4.9989
4.99884
4.99891
4.99888
4.99904
4.9992
4.99901
4.99898
