0
0.00538298
0.00471805
0.0339163
0.0272975
0.0229645
0.0197298
0.0185993
0.0165363
0.0148896
0.0136788
0.0128926
0.0119791
0.0126465
0.0120781
0.0114125
0.0136086
0.0135957
0.0142526
0.0143359
0.0136617
0.0134689
0.0130119
0.0126976
0.0122022
0.0125183
0.0120612
0.0116727
0.0112893
0.010915
0.0105631
0.0102346
0.00993983
0.00966652
0.00967791
0.00941149
0.0095075
0.00926009
0.00918241
0.00897004
0.0087568
0.00865998
0.00858425
0.00840382
0.00823598
0.00807594
0.0079126
0.00792925
0.00808749
0.00797007
0.00782212
0.00768636
0.0075706
0.0074334
0.00738867
0.00726006
0.00713469
0.00706666
0.00704753
0.00693041
0.00684254
0.00684306
0.00695962
0.00689866
0.00679337
0.00671097
0.00664108
0.00659384
0.00650215
0.00644501
0.0063718
0.00628625
0.00622995
0.00621625
0.00615653
0.00608003
0.00602739
0.0060069
0.00593727
0.00588754
0.00583209
0.00590382
0.00594745
0.0058774
0.00581691
0.00574944
0.00568774
0.00564259
0.00559906
0.00553979
0.00554391
0.00560779
0.00555872
0.00550091
0.00547149
0.00541782
0.00536408
0.00535004
0.00531503
0.00526306
0.00521186
0.0051666
0.00513634
0.00509087
0.00504249
0.00499499
0.0050302
0.0049871
0.00495165
0.00491318
0.00487023
0.00491296
0.00489251
0.00487082
0.00483
0.00479253
0.00480243
0.00476848
0.00472852
0.00471147
0.00467344
0.00464463
0.0046112
0.00460395
0.00457976
0.00455592
0.00455781
0.00452244
0.00448786
0.00445411
0.00449784
0.00446802
0.00444324
0.00441107
0.00442553
0.00439999
0.00437208
0.00434184
0.00431203
0.00428417
0.00426186
0.00423408
0.00420984
0.00426461
0.00431574
0.00429467
0.0042676
0.00424047
0.00421211
0.00420978
0.00418333
0.00416351
0.0041363
0.00410945
0.00408294
0.0040576
0.00404491
0.0040239
0.00400119
0.00399802
0.00397687
0.00395829
0.00393435
0.00391046
0.00388891
0.0038673
0.00386156
0.003858
0.0038355
0.00381362
0.00379131
0.00377008
0.00374891
0.00377418
0.00375391
0.00373269
0.00372979
0.00372409
0.0037037
0.00368314
0.00367744
0.00369424
0.00368179
0.00367837
0.00365969
0.00364094
0.00362357
0.0036149
0.00364338
0.00363456
0.00361554
0.00361308
0.00359634
0.00357839
0.00356362
0.00354565
0.00352871
0.00351393
0.0034977
0.00348681
0.00353925
0.00352192
0.00350717
0.00350224
0.00348525
0.0034959
0.00349096
0.00347555
0.00346023
0.00344418
0.0034345
0.00342008
0.00341024
0.00339475
0.00338049
0.00337856
0.00336423
0.00336045
0.00334524
0.00333285
0.00332026
0.00331185
0.00330296
0.0032939
0.00328749
0.00327477
0.00326377
0.0032856
0.00331677
0.00330968
0.00330071
0.00329039
0.00328362
0.00327963
0.0032657
0.00325969
0.00324593
0.00323276
0.00323217
0.00322232
0.00320896
0.00321671
0.00320664
0.00319397
0.00318165
0.00316882
0.00316006
0.00315124
0.00314437
0.00313194
