0.79 0.607 -0.443464 0.0002771
0.792 0.607 -0.443367 0.00042695
0.794 0.607 -0.443401 0.000285423
0.796 0.607 -0.443912 0.000283615
0.798 0.607 -0.444178 0.000342861
0.8 0.607 -0.443466 0.000322113
0.802 0.607 -0.443848 0.000301694
0.804 0.607 -0.443748 0.00030922
0.806 0.607 -0.443449 0.000343383
0.808 0.607 -0.443528 0.000346472
0.81 0.607 -0.443942 0.000279287
0.79 0.608 -0.443813 0.00028796
0.792 0.608 -0.443797 0.000329236
0.794 0.608 -0.443678 0.000344405
0.796 0.608 -0.443302 0.000315411
0.798 0.608 -0.444068 0.000348795
0.8 0.608 -0.443768 0.000339986
0.802 0.608 -0.444285 0.000380827
0.804 0.608 -0.443776 0.000304886
0.806 0.608 -0.443817 0.000366687
0.808 0.608 -0.443519 0.000355899
0.81 0.608 -0.444038 0.000378725
0.79 0.609 -0.44331 0.000282413
0.792 0.609 -0.44335 0.00030537
0.794 0.609 -0.444081 0.000317587
0.796 0.609 -0.444006 0.000321161
0.798 0.609 -0.444346 0.00032598
0.8 0.609 -0.444143 0.000308842
0.802 0.609 -0.444129 0.000399463
0.804 0.609 -0.444124 0.000292337
0.806 0.609 -0.444195 0.000319402
0.808 0.609 -0.444031 0.000292682
0.81 0.609 -0.443773 0.000286581
0.79 0.61 -0.443469 0.000329334
0.792 0.61 -0.443513 0.000350619
0.794 0.61 -0.444223 0.000312012
0.796 0.61 -0.443802 0.00031548
0.798 0.61 -0.443944 0.000297694
0.8 0.61 -0.443672 0.000282562
0.802 0.61 -0.444754 0.000358113
0.804 0.61 -0.444387 0.000273415
0.806 0.61 -0.444203 0.000271381
0.808 0.61 -0.444446 0.000372794
0.81 0.61 -0.443252 0.000329504
0.79 0.611 -0.443993 0.00027718
0.792 0.611 -0.443602 0.000421515
0.794 0.611 -0.444452 0.000315025
0.796 0.611 -0.443882 0.000365046
0.798 0.611 -0.444199 0.000271091
0.8 0.611 -0.44478 0.000322881
0.802 0.611 -0.444585 0.000336708
0.804 0.611 -0.444326 0.000324173
0.806 0.611 -0.444368 0.00035066
0.808 0.611 -0.443354 0.000343098
0.81 0.611 -0.443927 0.00036958
0.79 0.612 -0.443879 0.000309884
0.792 0.612 -0.443863 0.000358271
0.794 0.612 -0.444171 0.000349605
0.796 0.612 -0.444033 0.000336308
0.798 0.612 -0.444565 0.000391123
0.8 0.612 -0.444422 0.000296148
0.802 0.612 -0.444176 0.000318389
0.804 0.612 -0.443647 0.000324245
0.806 0.612 -0.444188 0.000266822
0.808 0.612 -0.443774 0.000337682
0.81 0.612 -0.44356 0.00030717
0.79 0.613 -0.444043 0.000354413
0.792 0.613 -0.444322 0.000346069
0.794 0.613 -0.444449 0.000308411
0.796 0.613 -0.444489 0.00035692
0.798 0.613 -0.44422 0.00036054
0.8 0.613 -0.444307 0.000333754
0.802 0.613 -0.444582 0.00029691
0.804 0.613 -0.44487 0.000355865
0.806 0.613 -0.444256 0.000368646
0.808 0.613 -0.443787 0.000423064
0.81 0.613 -0.444634 0.000355623
0.79 0.614 -0.443505 0.000366009
0.792 0.614 -0.443983 0.000284101
0.794 0.614 -0.444357 0.000350631
0.796 0.614 -0.444179 0.000307869
0.798 0.614 -0.444399 0.00035397
0.8 0.614 -0.444493 0.000351927
0.802 0.614 -0.443946 0.000363815
0.804 0.614 -0.444366 0.000355953
0.806 0.614 -0.444178 0.000313279
0.808 0.614 -0.444035 0.000360115
0.81 0.614 -0.444027 0.000289204
0.79 0.615 -0.44423 0.000366944
0.792 0.615 -0.443714 0.000375783
0.794 0.615 -0.443939 0.000306371
0.796 0.615 -0.44474 0.000333296
0.798 0.615 -0.443569 0.000372892
0.8 0.615 -0.44436 0.000370508
0.802 0.615 -0.443974 0.000272173
0.804 0.615 -0.444745 0.00033466
0.806 0.615 -0.444466 0.000329784
0.808 0.615 -0.44345 0.00034285
0.81 0.615 -0.444253 0.000321355
0.79 0.616 -0.443963 0.000341216
0.792 0.616 -0.444062 0.000402464
0.794 0.616 -0.444134 0.000367999
0.796 0.616 -0.443705 0.000304955
0.798 0.616 -0.444229 0.000377464
0.8 0.616 -0.444868 0.000373385
0.802 0.616 -0.444437 0.000347116
0.804 0.616 -0.444982 0.000273362
0.806 0.616 -0.444201 0.000366925
0.808 0.616 -0.443948 0.000399639
0.81 0.616 -0.444104 0.000336036
0.79 0.617 -0.444406 0.000380407
0.792 0.617 -0.444072 0.000353109
0.794 0.617 -0.444028 0.000345732
0.796 0.617 -0.444869 0.00034321
0.798 0.617 -0.445148 0.000352368
0.8 0.617 -0.443925 0.00032331
0.802 0.617 -0.445637 0.000300402
0.804 0.617 -0.444684 0.000341358
0.806 0.617 -0.444358 0.000334915
0.808 0.617 -0.443681 0.000371691
0.81 0.617 -0.443706 0.000502564
