0.78 0.58 -0.432199 0.000295514
0.79 0.58 -0.433197 0.000341694
0.8 0.58 -0.433367 0.000308436
0.81 0.58 -0.433123 0.000287654
0.82 0.58 -0.432051 0.000296906
0.83 0.58 -0.429075 0.000298223
0.84 0.58 -0.426644 0.000296202
0.78 0.585 -0.435138 0.000328188
0.79 0.585 -0.436132 0.000344186
0.8 0.585 -0.436381 0.00029107
0.81 0.585 -0.436243 0.000307312
0.82 0.585 -0.434539 0.000316355
0.83 0.585 -0.433265 0.000337722
0.84 0.585 -0.429885 0.000335065
0.78 0.59 -0.437355 0.000320289
0.79 0.59 -0.438762 0.000285383
0.8 0.59 -0.438791 0.00032118
0.81 0.59 -0.439225 0.000311256
0.82 0.59 -0.437363 0.000322547
0.83 0.59 -0.435324 0.00026321
0.84 0.59 -0.432478 0.000364909
0.78 0.595 -0.439513 0.000363056
0.79 0.595 -0.440721 0.000249073
0.8 0.595 -0.440387 0.00035233
0.81 0.595 -0.440585 0.000345002
0.82 0.595 -0.439138 0.000247748
0.83 0.595 -0.437274 0.000320601
0.84 0.595 -0.434786 0.000356575
0.78 0.6 -0.440611 0.000340547
0.79 0.6 -0.441873 0.000339644
0.8 0.6 -0.442225 0.000307469
0.81 0.6 -0.442441 0.00028298
0.82 0.6 -0.441257 0.000346349
0.83 0.6 -0.438593 0.000319114
0.84 0.6 -0.43601 0.000348223
0.78 0.605 -0.441831 0.000270429
0.79 0.605 -0.442773 0.00030546
0.8 0.605 -0.443182 0.000282564
0.81 0.605 -0.443099 0.000339101
0.82 0.605 -0.442432 0.000393793
0.83 0.605 -0.440283 0.000327844
0.84 0.605 -0.437543 0.000418181
0.78 0.61 -0.442699 0.000330486
0.79 0.61 -0.443175 0.000318792
0.8 0.61 -0.444339 0.000300882
0.81 0.61 -0.443172 0.000415509
0.82 0.61 -0.442553 0.000326894
0.83 0.61 -0.440861 0.000389393
0.84 0.61 -0.438148 0.00031081
0.78 0.615 -0.443229 0.00029255
0.79 0.615 -0.444333 0.000302474
0.8 0.615 -0.444412 0.000344061
0.81 0.615 -0.444145 0.000414475
0.82 0.615 -0.442479 0.000378786
0.83 0.615 -0.440837 0.000413225
0.84 0.615 -0.438296 0.000399093
0.78 0.62 -0.441829 0.000327533
0.79 0.62 -0.443832 0.000329106
0.8 0.62 -0.444471 0.000408431
0.81 0.62 -0.443882 0.000343534
0.82 0.62 -0.442923 0.000332292
0.83 0.62 -0.440745 0.000491742
0.84 0.62 -0.437302 0.000400935
0.78 0.625 -0.442505 0.000351455
0.79 0.625 -0.443618 0.000334519
0.8 0.625 -0.443331 0.000419904
0.81 0.625 -0.443142 0.000389242
0.82 0.625 -0.441807 0.000347999
0.83 0.625 -0.440177 0.000501128
0.84 0.625 -0.437091 0.000466138
0.78 0.63 -0.441725 0.000405797
0.79 0.63 -0.443148 0.000347837
0.8 0.63 -0.443451 0.000375761
0.81 0.63 -0.442678 0.000434281
0.82 0.63 -0.441638 0.00052487
0.83 0.63 -0.439314 0.000463924
0.84 0.63 -0.436528 0.000423054
0.78 0.635 -0.440521 0.00044737
0.79 0.635 -0.441939 0.00025743
0.8 0.635 -0.442695 0.000447613
0.81 0.635 -0.441336 0.00047837
0.82 0.635 -0.440042 0.00052929
0.83 0.635 -0.43775 0.0005508
0.84 0.635 -0.435016 0.000606076
0.78 0.64 -0.439362 0.000346354
0.79 0.64 -0.440219 0.000460521
0.8 0.64 -0.440256 0.000546839
0.81 0.64 -0.440087 0.000464612
0.82 0.64 -0.43825 0.000540172
0.83 0.64 -0.435698 0.000565377
0.84 0.64 -0.432927 0.000561952
0.78 0.645 -0.438292 0.000430127
0.79 0.645 -0.437631 0.000470058
0.8 0.645 -0.438755 0.000513664
0.81 0.645 -0.437072 0.000470955
0.82 0.645 -0.43716 0.00043644
0.83 0.645 -0.434499 0.000623669
0.84 0.645 -0.429739 0.000615715
0.78 0.65 -0.436685 0.000378576
0.79 0.65 -0.436707 0.000428639
0.8 0.65 -0.436721 0.000571339
0.81 0.65 -0.436153 0.000524264
0.82 0.65 -0.433423 0.000567031
0.83 0.65 -0.431658 0.000656741
0.84 0.65 -0.428929 0.000680238
