1.49203
1.48775
1.49097
1.49074
1.4939
1.49302
1.49846
1.49854
1.49988
1.50031
1.50078
1.49989
1.49808
1.49712
1.49706
1.49846
1.49921
1.49982
1.50024
1.50121
1.50197
1.50297
1.50282
1.50088
1.50151
1.50191
1.50198
1.50177
1.50021
1.50073
1.50069
1.50094
1.50144
1.50057
1.5018
1.50269
1.50266
1.5031
1.50352
1.50375
1.50402
1.50403
1.50383
1.50347
1.50371
1.50325
1.50307
1.50332
1.50307
1.50293
1.50296
1.50337
1.50336
1.50322
1.5032
1.50314
1.50291
1.50301
1.50325
1.50303
1.50283
1.50199
1.50191
1.50232
1.50225
1.50237
1.50186
1.50216
1.50214
1.5025
1.5031
1.50321
1.50309
1.50302
1.50263
1.50269
1.5025
1.50189
1.50259
1.50283
1.50265
1.50316
1.503
1.50321
1.50327
1.50356
1.50355
1.50346
1.50358
1.50363
1.50347
1.5034
1.50303
1.50291
1.50286
1.50259
1.50259
1.50276
1.50274
1.50275
1.50255
1.50266
1.50248
1.50197
1.50186
1.50214
1.50221
1.50224
1.50218
1.50251
1.50236
1.50184
1.50182
1.50157
1.50163
1.50166
1.50148
1.50137
1.50137
1.50159
1.50173
1.50187
1.50189
1.50183
1.50208
1.50209
1.50189
1.50177
1.50148
1.5016
1.50171
1.50182
1.50159
1.50166
1.50145
1.50142
1.50158
1.50158
1.50147
1.50133
1.5013
1.50141
1.50147
1.50154
1.50142
1.50159
1.50193
1.50187
1.50176
1.50193
1.50165
1.50161
1.50162
1.50166
1.5015
1.50145
1.50154
1.50163
1.50142
1.50155
1.50179
1.50198
1.50196
1.50195
1.50226
1.50219
1.50214
1.5022
1.50229
1.50239
1.50243
1.5024
1.50235
1.50231
1.50235
1.5022
1.50214
1.50222
1.50239
1.50246
1.50239
1.50223
1.50206
1.50214
1.50214
1.50208
1.50193
1.5017
1.50163
1.50157
1.50151
1.50142
1.50163
1.50161
1.50161
1.50152
1.50145
1.50148
1.50149
1.50159
1.50168
1.50169
1.50169
1.50168
1.50164
1.50162
1.50165
1.50172
1.50158
1.50171
1.50147
1.50143
1.50129
1.50146
1.50132
1.5014
1.50139
1.50137
1.50141
1.50143
1.50135
1.5014
1.50149
1.5013
1.50127
1.50138
1.50142
1.5012
1.50116
1.5013
1.50127
1.50122
1.50122
1.50111
1.50116
1.50116
1.50113
1.50114
1.50124
1.5014
1.5015
1.50144
1.50138
1.50148
1.5015
1.50137
1.50149
1.50145
1.50136
1.5013
