0
0.00302271
0.00331121
0.00249117
0.00345595
0.00299004
0.00565594
0.0049495
0.00457625
0.00413895
0.00378895
0.00357483
0.00373247
0.00358591
0.00334735
0.00341837
0.0032975
0.00316964
0.00303039
0.00303076
0.0029819
0.00300744
0.00288009
0.00335099
0.00327439
0.00317316
0.00305642
0.00295462
0.0032384
0.0031721
0.00307
0.00298445
0.00293415
0.00297227
0.00313275
0.00316885
0.00308334
0.00303354
0.00298393
0.00291839
0.00285964
0.00279156
0.0027337
0.0026945
0.0026453
0.00262824
0.00257839
0.00253664
0.00249704
0.00245109
0.00240322
0.0023921
0.00234702
0.00230744
0.00226562
0.00222577
0.00219904
0.00216354
0.00213977
0.00211484
0.00209045
0.00221672
0.00218293
0.00218568
0.00215309
0.00212391
0.00215239
0.00214155
0.00211062
0.00211041
0.00216596
0.00213825
0.00211229
0.00208479
0.0020929
0.00206618
0.00204761
0.00211183
0.00219806
0.00218359
0.00216393
0.00219617
0.00217498
0.00215921
0.00213459
0.002129
0.00210457
0.00208247
0.0020623
0.00204002
0.00202343
0.00200288
0.00201417
0.00199625
0.00197582
0.00197364
0.0019533
0.00194071
0.0019212
0.00190204
0.0018942
0.00187926
0.00187032
0.0019187
0.00190383
0.00190685
0.00189033
0.00187298
0.00185681
0.00186961
0.00185867
0.00191497
0.00189808
0.00189799
0.00188234
0.00186641
0.00185909
0.00184687
0.00183135
0.00182912
0.00181962
0.00180996
0.00179531
0.00178183
0.00178499
0.00177089
0.00176811
0.00175812
0.00176948
0.0017601
0.00174991
0.00174038
0.00174196
0.0017303
0.0017309
0.00171836
0.00171349
0.00170108
0.00169233
0.00168609
0.00167448
0.0016665
0.00165598
0.00164581
0.00163874
0.00163599
0.00166131
0.0016514
0.00164396
0.00164194
0.00165505
0.00164461
0.00163389
0.00162376
0.00162101
0.00161132
0.0016034
0.00159577
0.00159962
0.00159525
0.0016024
0.00160463
0.00159494
0.00158523
0.00160573
0.00159768
0.00158883
0.00158028
0.00157375
0.00156756
0.001559
0.00155036
0.00154198
0.00153369
0.0015253
0.00152311
0.00151586
0.00150954
0.00151041
0.0015035
0.00149649
0.00149714
0.00149827
0.00149227
0.00148422
0.00147745
0.00147691
0.00148697
0.00148057
0.00147408
0.00146784
0.00146258
0.00147033
0.00146289
0.00145539
0.00145073
0.001445
0.00143792
0.00143073
0.0014273
0.00142308
0.00141608
0.0014091
0.00140225
0.00139595
0.00138933
0.00138286
0.00137828
0.00137852
0.00137737
0.00139039
0.00138453
0.00138541
0.00139038
0.00139094
0.00138656
0.0013802
0.00137398
0.0013681
0.00136215
0.00135841
0.00135299
0.00134984
0.0013572
0.0013515
0.00135025
0.00134488
0.00135673
0.00135146
0.00135332
0.00134782
0.00134309
0.00133734
0.00133626
0.0013314
0.00132576
0.00132041
0.00131489
0.00131289
0.00131684
0.00131543
0.00131153
0.00130714
0.00130514
0.00129997
0.00130132
0.00130155
0.00129673
0.00129505
0.00129114
